[train: 1, 50 / 468] FPS: 2.6 (125.8)  ,  DataTime: 9.746 (0.020)  ,  ForwardTime: 2.378  ,  TotalTime: 12.144  ,  cls_loss: 0.43230
[train: 1, 50 / 468] FPS: 2.6 (125.8)  ,  DataTime: 4.739 (0.020)  ,  ForwardTime: 7.386  ,  TotalTime: 12.144  ,  cls_loss: 0.43184
[train: 1, 50 / 468] FPS: 2.6 (125.8)  ,  DataTime: 7.147 (0.021)  ,  ForwardTime: 4.975  ,  TotalTime: 12.143  ,  cls_loss: 0.42743
[train: 1, 50 / 468] FPS: 2.6 (125.6)  ,  DataTime: 4.214 (0.014)  ,  ForwardTime: 7.916  ,  TotalTime: 12.144  ,  cls_loss: 0.43435
[train: 1, 100 / 468] FPS: 3.4 (122.8)  ,  DataTime: 3.851 (0.018)  ,  ForwardTime: 5.575  ,  TotalTime: 9.444  ,  cls_loss: 0.25308
[train: 1, 100 / 468] FPS: 3.4 (124.4)  ,  DataTime: 2.128 (0.013)  ,  ForwardTime: 7.302  ,  TotalTime: 9.444  ,  cls_loss: 0.25505
[train: 1, 100 / 468] FPS: 3.4 (122.6)  ,  DataTime: 2.388 (0.018)  ,  ForwardTime: 7.039  ,  TotalTime: 9.444  ,  cls_loss: 0.25083
[train: 1, 100 / 468] FPS: 3.4 (124.1)  ,  DataTime: 7.870 (0.019)  ,  ForwardTime: 1.555  ,  TotalTime: 9.444  ,  cls_loss: 0.25312
[train: 1, 150 / 468] FPS: 4.3 (125.4)  ,  DataTime: 1.609 (0.017)  ,  ForwardTime: 5.903  ,  TotalTime: 7.529  ,  cls_loss: 0.17831
[train: 1, 150 / 468] FPS: 4.3 (125.3)  ,  DataTime: 6.043 (0.019)  ,  ForwardTime: 1.467  ,  TotalTime: 7.529  ,  cls_loss: 0.18253
[train: 1, 150 / 468] FPS: 4.3 (127.2)  ,  DataTime: 1.434 (0.013)  ,  ForwardTime: 6.082  ,  TotalTime: 7.529  ,  cls_loss: 0.18075
[train: 1, 150 / 468] FPS: 4.3 (127.1)  ,  DataTime: 2.924 (0.018)  ,  ForwardTime: 4.587  ,  TotalTime: 7.529  ,  cls_loss: 0.17629
[train: 1, 200 / 468] FPS: 4.7 (2.6)  ,  DataTime: 1.217 (0.016)  ,  ForwardTime: 5.615  ,  TotalTime: 6.848  ,  cls_loss: 0.13834
[train: 1, 200 / 468] FPS: 4.7 (2.6)  ,  DataTime: 1.082 (0.013)  ,  ForwardTime: 5.754  ,  TotalTime: 6.848  ,  cls_loss: 0.14099
[train: 1, 200 / 468] FPS: 4.7 (2.6)  ,  DataTime: 5.574 (0.034)  ,  ForwardTime: 1.240  ,  TotalTime: 6.848  ,  cls_loss: 0.14443
[train: 1, 200 / 468] FPS: 4.7 (2.6)  ,  DataTime: 2.288 (0.017)  ,  ForwardTime: 4.542  ,  TotalTime: 6.848  ,  cls_loss: 0.13832
[train: 1, 250 / 468] FPS: 5.4 (124.2)  ,  DataTime: 0.871 (0.012)  ,  ForwardTime: 5.083  ,  TotalTime: 5.967  ,  cls_loss: 0.11894
[train: 1, 250 / 468] FPS: 5.4 (124.2)  ,  DataTime: 1.846 (0.017)  ,  ForwardTime: 4.103  ,  TotalTime: 5.967  ,  cls_loss: 0.11425
[train: 1, 250 / 468] FPS: 5.4 (124.2)  ,  DataTime: 0.984 (0.016)  ,  ForwardTime: 4.966  ,  TotalTime: 5.967  ,  cls_loss: 0.11607
[train: 1, 250 / 468] FPS: 5.4 (121.9)  ,  DataTime: 4.886 (0.030)  ,  ForwardTime: 1.050  ,  TotalTime: 5.967  ,  cls_loss: 0.11931
[train: 1, 300 / 468] FPS: 5.5 (67.5)  ,  DataTime: 0.831 (0.016)  ,  ForwardTime: 4.940  ,  TotalTime: 5.787  ,  cls_loss: 0.10040
[train: 1, 300 / 468] FPS: 5.5 (67.3)  ,  DataTime: 4.838 (0.028)  ,  ForwardTime: 0.920  ,  TotalTime: 5.787  ,  cls_loss: 0.10405
[train: 1, 300 / 468] FPS: 5.5 (67.3)  ,  DataTime: 0.734 (0.012)  ,  ForwardTime: 5.040  ,  TotalTime: 5.787  ,  cls_loss: 0.10236
[train: 1, 300 / 468] FPS: 5.5 (66.8)  ,  DataTime: 1.546 (0.016)  ,  ForwardTime: 4.225  ,  TotalTime: 5.787  ,  cls_loss: 0.09866
[train: 1, 350 / 468] FPS: 6.0 (124.8)  ,  DataTime: 4.510 (0.027)  ,  ForwardTime: 0.823  ,  TotalTime: 5.360  ,  cls_loss: 0.09222
[train: 1, 350 / 468] FPS: 6.0 (124.8)  ,  DataTime: 0.718 (0.016)  ,  ForwardTime: 4.626  ,  TotalTime: 5.360  ,  cls_loss: 0.08760
[train: 1, 350 / 468] FPS: 6.0 (124.7)  ,  DataTime: 0.634 (0.012)  ,  ForwardTime: 4.714  ,  TotalTime: 5.360  ,  cls_loss: 0.09051
[train: 1, 350 / 468] FPS: 6.0 (124.2)  ,  DataTime: 1.330 (0.016)  ,  ForwardTime: 4.013  ,  TotalTime: 5.360  ,  cls_loss: 0.08773
[train: 1, 400 / 468] FPS: 6.0 (101.3)  ,  DataTime: 1.171 (0.016)  ,  ForwardTime: 4.153  ,  TotalTime: 5.339  ,  cls_loss: 0.07989
[train: 1, 400 / 468] FPS: 6.0 (102.6)  ,  DataTime: 0.634 (0.016)  ,  ForwardTime: 4.690  ,  TotalTime: 5.339  ,  cls_loss: 0.07997
[train: 1, 400 / 468] FPS: 6.0 (101.3)  ,  DataTime: 0.559 (0.012)  ,  ForwardTime: 4.769  ,  TotalTime: 5.339  ,  cls_loss: 0.08260
[train: 1, 400 / 468] FPS: 6.0 (101.4)  ,  DataTime: 4.565 (0.026)  ,  ForwardTime: 0.749  ,  TotalTime: 5.339  ,  cls_loss: 0.08353
[train: 1, 450 / 468] FPS: 6.4 (128.1)  ,  DataTime: 1.045 (0.016)  ,  ForwardTime: 3.928  ,  TotalTime: 4.989  ,  cls_loss: 0.07342
[train: 1, 450 / 468] FPS: 6.4 (125.7)  ,  DataTime: 0.567 (0.016)  ,  ForwardTime: 4.406  ,  TotalTime: 4.989  ,  cls_loss: 0.07333
[train: 1, 450 / 468] FPS: 6.4 (125.8)  ,  DataTime: 4.273 (0.025)  ,  ForwardTime: 0.691  ,  TotalTime: 4.989  ,  cls_loss: 0.07563
[train: 1, 450 / 468] FPS: 6.4 (123.9)  ,  DataTime: 0.500 (0.012)  ,  ForwardTime: 4.477  ,  TotalTime: 4.989  ,  cls_loss: 0.07604
[train: 1, 468 / 468] FPS: 6.6 (118.5)  ,  DataTime: 4.120 (0.025)  ,  ForwardTime: 0.673  ,  TotalTime: 4.818  ,  cls_loss: 0.07369
[train: 1, 468 / 468] FPS: 6.6 (118.3)  ,  DataTime: 0.546 (0.016)  ,  ForwardTime: 4.256  ,  TotalTime: 4.818  ,  cls_loss: 0.07183
[train: 1, 468 / 468] FPS: 6.6 (118.3)  ,  DataTime: 0.481 (0.012)  ,  ForwardTime: 4.325  ,  TotalTime: 4.818  ,  cls_loss: 0.07385
[train: 1, 468 / 468] FPS: 6.6 (118.2)  ,  DataTime: 1.006 (0.016)  ,  ForwardTime: 3.796  ,  TotalTime: 4.818  ,  cls_loss: 0.07133
[train: 2, 50 / 468] FPS: 5.7 (125.8)  ,  DataTime: 4.999 (0.016)  ,  ForwardTime: 0.602  ,  TotalTime: 5.616  ,  cls_loss: 0.01702
[train: 2, 50 / 468] FPS: 5.7 (125.7)  ,  DataTime: 4.707 (0.017)  ,  ForwardTime: 0.902  ,  TotalTime: 5.626  ,  cls_loss: 0.02628
[train: 2, 50 / 468] FPS: 5.7 (125.8)  ,  DataTime: 4.860 (0.017)  ,  ForwardTime: 0.745  ,  TotalTime: 5.622  ,  cls_loss: 0.01861
[train: 2, 50 / 468] FPS: 5.7 (125.7)  ,  DataTime: 4.697 (0.013)  ,  ForwardTime: 0.919  ,  TotalTime: 5.630  ,  cls_loss: 0.01788
[train: 2, 100 / 468] FPS: 6.0 (124.6)  ,  DataTime: 4.643 (0.016)  ,  ForwardTime: 0.645  ,  TotalTime: 5.304  ,  cls_loss: 0.01713
[train: 2, 100 / 468] FPS: 6.0 (125.7)  ,  DataTime: 3.893 (0.017)  ,  ForwardTime: 1.398  ,  TotalTime: 5.307  ,  cls_loss: 0.02089
[train: 2, 100 / 468] FPS: 6.0 (124.4)  ,  DataTime: 4.264 (0.013)  ,  ForwardTime: 1.034  ,  TotalTime: 5.311  ,  cls_loss: 0.02077
[train: 2, 100 / 468] FPS: 6.0 (124.3)  ,  DataTime: 4.637 (0.017)  ,  ForwardTime: 0.655  ,  TotalTime: 5.309  ,  cls_loss: 0.02449
[train: 2, 150 / 468] FPS: 7.2 (126.5)  ,  DataTime: 3.892 (0.017)  ,  ForwardTime: 0.545  ,  TotalTime: 4.453  ,  cls_loss: 0.02440
[train: 2, 150 / 468] FPS: 7.2 (124.7)  ,  DataTime: 3.366 (0.013)  ,  ForwardTime: 1.076  ,  TotalTime: 4.455  ,  cls_loss: 0.01865
[train: 2, 150 / 468] FPS: 7.2 (124.7)  ,  DataTime: 3.750 (0.016)  ,  ForwardTime: 0.685  ,  TotalTime: 4.450  ,  cls_loss: 0.01462
[train: 2, 150 / 468] FPS: 7.2 (123.5)  ,  DataTime: 3.020 (0.016)  ,  ForwardTime: 1.416  ,  TotalTime: 4.452  ,  cls_loss: 0.01970
[train: 2, 200 / 468] FPS: 6.7 (118.9)  ,  DataTime: 4.299 (0.017)  ,  ForwardTime: 0.467  ,  TotalTime: 4.784  ,  cls_loss: 0.02307
[train: 2, 200 / 468] FPS: 6.7 (119.1)  ,  DataTime: 3.040 (0.013)  ,  ForwardTime: 1.732  ,  TotalTime: 4.785  ,  cls_loss: 0.01974
[train: 2, 200 / 468] FPS: 6.7 (118.3)  ,  DataTime: 3.456 (0.016)  ,  ForwardTime: 1.309  ,  TotalTime: 4.781  ,  cls_loss: 0.01477
[train: 2, 200 / 468] FPS: 6.7 (117.3)  ,  DataTime: 2.853 (0.017)  ,  ForwardTime: 1.913  ,  TotalTime: 4.783  ,  cls_loss: 0.01697
[train: 2, 250 / 468] FPS: 7.3 (124.7)  ,  DataTime: 2.444 (0.017)  ,  ForwardTime: 1.917  ,  TotalTime: 4.378  ,  cls_loss: 0.01743
[train: 2, 250 / 468] FPS: 7.3 (124.7)  ,  DataTime: 3.940 (0.018)  ,  ForwardTime: 0.421  ,  TotalTime: 4.379  ,  cls_loss: 0.02408
[train: 2, 250 / 468] FPS: 7.3 (124.6)  ,  DataTime: 3.052 (0.016)  ,  ForwardTime: 1.309  ,  TotalTime: 4.377  ,  cls_loss: 0.01419
[train: 2, 250 / 468] FPS: 7.3 (125.1)  ,  DataTime: 2.561 (0.013)  ,  ForwardTime: 1.805  ,  TotalTime: 4.379  ,  cls_loss: 0.01849
[train: 2, 300 / 468] FPS: 7.1 (125.1)  ,  DataTime: 2.252 (0.013)  ,  ForwardTime: 2.219  ,  TotalTime: 4.484  ,  cls_loss: 0.01690
[train: 2, 300 / 468] FPS: 7.1 (125.5)  ,  DataTime: 4.065 (0.018)  ,  ForwardTime: 0.401  ,  TotalTime: 4.484  ,  cls_loss: 0.02293
[train: 2, 300 / 468] FPS: 7.1 (125.1)  ,  DataTime: 2.195 (0.017)  ,  ForwardTime: 2.271  ,  TotalTime: 4.483  ,  cls_loss: 0.01961
[train: 2, 300 / 468] FPS: 7.1 (123.4)  ,  DataTime: 3.067 (0.016)  ,  ForwardTime: 1.399  ,  TotalTime: 4.482  ,  cls_loss: 0.01640
[train: 2, 350 / 468] FPS: 7.5 (125.2)  ,  DataTime: 1.929 (0.017)  ,  ForwardTime: 2.333  ,  TotalTime: 4.279  ,  cls_loss: 0.01980
[train: 2, 350 / 468] FPS: 7.5 (125.2)  ,  DataTime: 3.847 (0.018)  ,  ForwardTime: 0.415  ,  TotalTime: 4.280  ,  cls_loss: 0.02176
[train: 2, 350 / 468] FPS: 7.5 (124.7)  ,  DataTime: 1.935 (0.013)  ,  ForwardTime: 2.333  ,  TotalTime: 4.280  ,  cls_loss: 0.01570
[train: 2, 350 / 468] FPS: 7.5 (124.6)  ,  DataTime: 2.822 (0.016)  ,  ForwardTime: 1.440  ,  TotalTime: 4.278  ,  cls_loss: 0.01611
[train: 2, 400 / 468] FPS: 7.4 (127.1)  ,  DataTime: 1.706 (0.017)  ,  ForwardTime: 2.623  ,  TotalTime: 4.345  ,  cls_loss: 0.01949
[train: 2, 400 / 468] FPS: 7.4 (125.5)  ,  DataTime: 1.697 (0.013)  ,  ForwardTime: 2.636  ,  TotalTime: 4.346  ,  cls_loss: 0.01577
[train: 2, 400 / 468] FPS: 7.4 (127.4)  ,  DataTime: 2.817 (0.017)  ,  ForwardTime: 1.511  ,  TotalTime: 4.345  ,  cls_loss: 0.01594
[train: 2, 400 / 468] FPS: 7.4 (123.6)  ,  DataTime: 3.857 (0.018)  ,  ForwardTime: 0.471  ,  TotalTime: 4.346  ,  cls_loss: 0.02062
[train: 2, 450 / 468] FPS: 7.7 (104.3)  ,  DataTime: 1.521 (0.017)  ,  ForwardTime: 2.605  ,  TotalTime: 4.143  ,  cls_loss: 0.01885
[train: 2, 450 / 468] FPS: 7.7 (102.7)  ,  DataTime: 2.694 (0.017)  ,  ForwardTime: 1.431  ,  TotalTime: 4.142  ,  cls_loss: 0.01516
[train: 2, 450 / 468] FPS: 7.7 (102.9)  ,  DataTime: 3.653 (0.018)  ,  ForwardTime: 0.472  ,  TotalTime: 4.143  ,  cls_loss: 0.02010
[train: 2, 450 / 468] FPS: 7.7 (101.5)  ,  DataTime: 1.512 (0.013)  ,  ForwardTime: 2.619  ,  TotalTime: 4.144  ,  cls_loss: 0.01496
[train: 2, 468 / 468] FPS: 7.9 (121.7)  ,  DataTime: 1.463 (0.017)  ,  ForwardTime: 2.551  ,  TotalTime: 4.031  ,  cls_loss: 0.01844
[train: 2, 468 / 468] FPS: 7.9 (121.7)  ,  DataTime: 2.597 (0.017)  ,  ForwardTime: 1.417  ,  TotalTime: 4.030  ,  cls_loss: 0.01538
[train: 2, 468 / 468] FPS: 7.9 (121.7)  ,  DataTime: 1.454 (0.013)  ,  ForwardTime: 2.565  ,  TotalTime: 4.032  ,  cls_loss: 0.01482
[train: 2, 468 / 468] FPS: 7.9 (123.1)  ,  DataTime: 3.550 (0.018)  ,  ForwardTime: 0.463  ,  TotalTime: 4.031  ,  cls_loss: 0.02052
[train: 3, 50 / 468] FPS: 5.6 (124.2)  ,  DataTime: 5.113 (0.017)  ,  ForwardTime: 0.542  ,  TotalTime: 5.672  ,  cls_loss: 0.01380
[train: 3, 50 / 468] FPS: 5.6 (124.2)  ,  DataTime: 4.597 (0.014)  ,  ForwardTime: 1.071  ,  TotalTime: 5.682  ,  cls_loss: 0.01575
[train: 3, 50 / 468] FPS: 5.6 (124.2)  ,  DataTime: 4.960 (0.019)  ,  ForwardTime: 0.698  ,  TotalTime: 5.678  ,  cls_loss: 0.01221
[train: 3, 50 / 468] FPS: 5.6 (124.2)  ,  DataTime: 4.719 (0.017)  ,  ForwardTime: 0.931  ,  TotalTime: 5.668  ,  cls_loss: 0.01597
[train: 3, 100 / 468] FPS: 5.9 (122.5)  ,  DataTime: 4.047 (0.017)  ,  ForwardTime: 1.336  ,  TotalTime: 5.401  ,  cls_loss: 0.01629
[train: 3, 100 / 468] FPS: 5.9 (122.5)  ,  DataTime: 3.939 (0.014)  ,  ForwardTime: 1.454  ,  TotalTime: 5.407  ,  cls_loss: 0.01704
[train: 3, 100 / 468] FPS: 5.9 (122.5)  ,  DataTime: 4.346 (0.018)  ,  ForwardTime: 1.041  ,  TotalTime: 5.405  ,  cls_loss: 0.01529
[train: 3, 100 / 468] FPS: 5.9 (122.5)  ,  DataTime: 4.831 (0.018)  ,  ForwardTime: 0.554  ,  TotalTime: 5.403  ,  cls_loss: 0.01720
[train: 3, 150 / 468] FPS: 7.1 (125.6)  ,  DataTime: 3.981 (0.017)  ,  ForwardTime: 0.522  ,  TotalTime: 4.521  ,  cls_loss: 0.01769
[train: 3, 150 / 468] FPS: 7.1 (125.9)  ,  DataTime: 3.125 (0.014)  ,  ForwardTime: 1.385  ,  TotalTime: 4.524  ,  cls_loss: 0.01556
[train: 3, 150 / 468] FPS: 7.1 (125.6)  ,  DataTime: 3.481 (0.018)  ,  ForwardTime: 1.024  ,  TotalTime: 4.522  ,  cls_loss: 0.01374
[train: 3, 150 / 468] FPS: 7.1 (123.8)  ,  DataTime: 3.145 (0.017)  ,  ForwardTime: 1.357  ,  TotalTime: 4.519  ,  cls_loss: 0.01362
[train: 3, 200 / 468] FPS: 6.8 (125.0)  ,  DataTime: 4.227 (0.018)  ,  ForwardTime: 0.456  ,  TotalTime: 4.700  ,  cls_loss: 0.01775
[train: 3, 200 / 468] FPS: 6.8 (125.0)  ,  DataTime: 2.934 (0.013)  ,  ForwardTime: 1.755  ,  TotalTime: 4.703  ,  cls_loss: 0.01554
[train: 3, 200 / 468] FPS: 6.8 (123.6)  ,  DataTime: 3.029 (0.017)  ,  ForwardTime: 1.653  ,  TotalTime: 4.699  ,  cls_loss: 0.01507
[train: 3, 200 / 468] FPS: 6.8 (123.0)  ,  DataTime: 3.223 (0.018)  ,  ForwardTime: 1.460  ,  TotalTime: 4.702  ,  cls_loss: 0.01646
[train: 3, 250 / 468] FPS: 7.5 (126.3)  ,  DataTime: 2.664 (0.017)  ,  ForwardTime: 1.587  ,  TotalTime: 4.267  ,  cls_loss: 0.01589
[train: 3, 250 / 468] FPS: 7.5 (124.6)  ,  DataTime: 3.832 (0.018)  ,  ForwardTime: 0.418  ,  TotalTime: 4.268  ,  cls_loss: 0.01692
[train: 3, 250 / 468] FPS: 7.5 (124.0)  ,  DataTime: 2.499 (0.013)  ,  ForwardTime: 1.758  ,  TotalTime: 4.270  ,  cls_loss: 0.01524
[train: 3, 250 / 468] FPS: 7.5 (124.3)  ,  DataTime: 2.810 (0.018)  ,  ForwardTime: 1.441  ,  TotalTime: 4.269  ,  cls_loss: 0.01747
[train: 3, 300 / 468] FPS: 7.3 (123.6)  ,  DataTime: 2.412 (0.013)  ,  ForwardTime: 1.972  ,  TotalTime: 4.397  ,  cls_loss: 0.01530
[train: 3, 300 / 468] FPS: 7.3 (123.8)  ,  DataTime: 2.699 (0.018)  ,  ForwardTime: 1.679  ,  TotalTime: 4.397  ,  cls_loss: 0.01693
[train: 3, 300 / 468] FPS: 7.3 (123.2)  ,  DataTime: 3.979 (0.018)  ,  ForwardTime: 0.399  ,  TotalTime: 4.396  ,  cls_loss: 0.01555
[train: 3, 300 / 468] FPS: 7.3 (124.6)  ,  DataTime: 2.655 (0.017)  ,  ForwardTime: 1.723  ,  TotalTime: 4.395  ,  cls_loss: 0.01699
[train: 3, 350 / 468] FPS: 7.6 (125.9)  ,  DataTime: 2.203 (0.013)  ,  ForwardTime: 2.006  ,  TotalTime: 4.222  ,  cls_loss: 0.01554
[train: 3, 350 / 468] FPS: 7.6 (125.9)  ,  DataTime: 2.444 (0.018)  ,  ForwardTime: 1.759  ,  TotalTime: 4.221  ,  cls_loss: 0.01653
[train: 3, 350 / 468] FPS: 7.6 (125.4)  ,  DataTime: 3.806 (0.018)  ,  ForwardTime: 0.397  ,  TotalTime: 4.221  ,  cls_loss: 0.01676
[train: 3, 350 / 468] FPS: 7.6 (125.6)  ,  DataTime: 2.433 (0.017)  ,  ForwardTime: 1.770  ,  TotalTime: 4.220  ,  cls_loss: 0.01620
[train: 3, 400 / 468] FPS: 7.4 (123.5)  ,  DataTime: 2.227 (0.017)  ,  ForwardTime: 2.083  ,  TotalTime: 4.327  ,  cls_loss: 0.01540
[train: 3, 400 / 468] FPS: 7.4 (125.4)  ,  DataTime: 2.250 (0.018)  ,  ForwardTime: 2.060  ,  TotalTime: 4.328  ,  cls_loss: 0.01521
[train: 3, 400 / 468] FPS: 7.4 (123.4)  ,  DataTime: 1.961 (0.013)  ,  ForwardTime: 2.354  ,  TotalTime: 4.329  ,  cls_loss: 0.01564
[train: 3, 400 / 468] FPS: 7.4 (121.8)  ,  DataTime: 3.862 (0.018)  ,  ForwardTime: 0.448  ,  TotalTime: 4.328  ,  cls_loss: 0.01548
[train: 3, 450 / 468] FPS: 7.7 (4.4)  ,  DataTime: 1.746 (0.013)  ,  ForwardTime: 2.403  ,  TotalTime: 4.162  ,  cls_loss: 0.01533
[train: 3, 450 / 468] FPS: 7.7 (4.4)  ,  DataTime: 2.005 (0.017)  ,  ForwardTime: 2.139  ,  TotalTime: 4.161  ,  cls_loss: 0.01563
[train: 3, 450 / 468] FPS: 7.7 (4.4)  ,  DataTime: 3.676 (0.018)  ,  ForwardTime: 0.467  ,  TotalTime: 4.161  ,  cls_loss: 0.01507
[train: 3, 450 / 468] FPS: 7.7 (4.4)  ,  DataTime: 2.046 (0.018)  ,  ForwardTime: 2.097  ,  TotalTime: 4.162  ,  cls_loss: 0.01555
[train: 3, 468 / 468] FPS: 8.0 (123.6)  ,  DataTime: 1.928 (0.017)  ,  ForwardTime: 2.065  ,  TotalTime: 4.011  ,  cls_loss: 0.01513
[train: 3, 468 / 468] FPS: 8.0 (123.6)  ,  DataTime: 1.680 (0.013)  ,  ForwardTime: 2.319  ,  TotalTime: 4.012  ,  cls_loss: 0.01549
[train: 3, 468 / 468] FPS: 8.0 (123.4)  ,  DataTime: 3.536 (0.018)  ,  ForwardTime: 0.458  ,  TotalTime: 4.011  ,  cls_loss: 0.01511
[train: 3, 468 / 468] FPS: 8.0 (123.7)  ,  DataTime: 1.969 (0.018)  ,  ForwardTime: 2.025  ,  TotalTime: 4.012  ,  cls_loss: 0.01505
[train: 4, 50 / 468] FPS: 6.0 (124.4)  ,  DataTime: 4.470 (0.018)  ,  ForwardTime: 0.866  ,  TotalTime: 5.354  ,  cls_loss: 0.00910
[train: 4, 50 / 468] FPS: 6.0 (123.6)  ,  DataTime: 4.780 (0.017)  ,  ForwardTime: 0.558  ,  TotalTime: 5.355  ,  cls_loss: 0.01364
[train: 4, 50 / 468] FPS: 6.0 (125.8)  ,  DataTime: 4.744 (0.017)  ,  ForwardTime: 0.597  ,  TotalTime: 5.358  ,  cls_loss: 0.01485
[train: 4, 50 / 468] FPS: 6.0 (123.6)  ,  DataTime: 4.144 (0.013)  ,  ForwardTime: 1.210  ,  TotalTime: 5.367  ,  cls_loss: 0.02099
[train: 4, 100 / 468] FPS: 6.7 (124.3)  ,  DataTime: 4.014 (0.017)  ,  ForwardTime: 0.758  ,  TotalTime: 4.790  ,  cls_loss: 0.01851
[train: 4, 100 / 468] FPS: 6.7 (124.3)  ,  DataTime: 3.215 (0.013)  ,  ForwardTime: 1.567  ,  TotalTime: 4.796  ,  cls_loss: 0.01730
[train: 4, 100 / 468] FPS: 6.7 (126.1)  ,  DataTime: 3.802 (0.018)  ,  ForwardTime: 0.970  ,  TotalTime: 4.789  ,  cls_loss: 0.00773
[train: 4, 100 / 468] FPS: 6.7 (122.6)  ,  DataTime: 4.349 (0.018)  ,  ForwardTime: 0.425  ,  TotalTime: 4.792  ,  cls_loss: 0.01466
[train: 4, 150 / 468] FPS: 8.2 (122.6)  ,  DataTime: 3.545 (0.017)  ,  ForwardTime: 0.360  ,  TotalTime: 3.922  ,  cls_loss: 0.01761
[train: 4, 150 / 468] FPS: 8.2 (122.6)  ,  DataTime: 2.511 (0.014)  ,  ForwardTime: 1.400  ,  TotalTime: 3.925  ,  cls_loss: 0.01595
[train: 4, 150 / 468] FPS: 8.2 (122.1)  ,  DataTime: 3.071 (0.017)  ,  ForwardTime: 0.832  ,  TotalTime: 3.921  ,  cls_loss: 0.01165
[train: 4, 150 / 468] FPS: 8.2 (123.6)  ,  DataTime: 3.210 (0.017)  ,  ForwardTime: 0.694  ,  TotalTime: 3.921  ,  cls_loss: 0.01942
[train: 4, 200 / 468] FPS: 8.1 (125.0)  ,  DataTime: 3.587 (0.017)  ,  ForwardTime: 0.341  ,  TotalTime: 3.945  ,  cls_loss: 0.01607
[train: 4, 200 / 468] FPS: 8.1 (125.6)  ,  DataTime: 2.248 (0.014)  ,  ForwardTime: 1.685  ,  TotalTime: 3.947  ,  cls_loss: 0.01438
[train: 4, 200 / 468] FPS: 8.1 (124.7)  ,  DataTime: 3.068 (0.017)  ,  ForwardTime: 0.859  ,  TotalTime: 3.944  ,  cls_loss: 0.01768
[train: 4, 200 / 468] FPS: 8.1 (124.4)  ,  DataTime: 2.962 (0.017)  ,  ForwardTime: 0.965  ,  TotalTime: 3.944  ,  cls_loss: 0.01257
[train: 4, 250 / 468] FPS: 8.9 (124.4)  ,  DataTime: 3.249 (0.017)  ,  ForwardTime: 0.318  ,  TotalTime: 3.584  ,  cls_loss: 0.01531
[train: 4, 250 / 468] FPS: 8.9 (124.4)  ,  DataTime: 1.872 (0.014)  ,  ForwardTime: 1.700  ,  TotalTime: 3.586  ,  cls_loss: 0.01322
[train: 4, 250 / 468] FPS: 8.9 (124.2)  ,  DataTime: 2.635 (0.017)  ,  ForwardTime: 0.931  ,  TotalTime: 3.584  ,  cls_loss: 0.01141
[train: 4, 250 / 468] FPS: 8.9 (122.8)  ,  DataTime: 2.706 (0.017)  ,  ForwardTime: 0.861  ,  TotalTime: 3.584  ,  cls_loss: 0.01746
[train: 4, 300 / 468] FPS: 8.8 (7.6)  ,  DataTime: 2.657 (0.017)  ,  ForwardTime: 0.951  ,  TotalTime: 3.625  ,  cls_loss: 0.01681
[train: 4, 300 / 468] FPS: 8.8 (7.6)  ,  DataTime: 1.653 (0.013)  ,  ForwardTime: 1.960  ,  TotalTime: 3.627  ,  cls_loss: 0.01447
[train: 4, 300 / 468] FPS: 8.8 (7.6)  ,  DataTime: 2.667 (0.017)  ,  ForwardTime: 0.940  ,  TotalTime: 3.625  ,  cls_loss: 0.01238
[train: 4, 300 / 468] FPS: 8.8 (7.6)  ,  DataTime: 3.266 (0.017)  ,  ForwardTime: 0.343  ,  TotalTime: 3.625  ,  cls_loss: 0.01578
[train: 4, 350 / 468] FPS: 9.4 (126.4)  ,  DataTime: 3.000 (0.017)  ,  ForwardTime: 0.390  ,  TotalTime: 3.407  ,  cls_loss: 0.01601
[train: 4, 350 / 468] FPS: 9.4 (125.6)  ,  DataTime: 1.461 (0.013)  ,  ForwardTime: 1.934  ,  TotalTime: 3.408  ,  cls_loss: 0.01492
[train: 4, 350 / 468] FPS: 9.4 (125.6)  ,  DataTime: 2.485 (0.017)  ,  ForwardTime: 0.905  ,  TotalTime: 3.407  ,  cls_loss: 0.01543
[train: 4, 350 / 468] FPS: 9.4 (124.5)  ,  DataTime: 2.500 (0.017)  ,  ForwardTime: 0.889  ,  TotalTime: 3.407  ,  cls_loss: 0.01205
[train: 4, 400 / 468] FPS: 9.2 (122.8)  ,  DataTime: 1.328 (0.013)  ,  ForwardTime: 2.137  ,  TotalTime: 3.478  ,  cls_loss: 0.01467
[train: 4, 400 / 468] FPS: 9.2 (122.5)  ,  DataTime: 3.048 (0.017)  ,  ForwardTime: 0.413  ,  TotalTime: 3.477  ,  cls_loss: 0.01589
[train: 4, 400 / 468] FPS: 9.2 (124.4)  ,  DataTime: 2.549 (0.017)  ,  ForwardTime: 0.910  ,  TotalTime: 3.477  ,  cls_loss: 0.01214
[train: 4, 400 / 468] FPS: 9.2 (123.2)  ,  DataTime: 2.514 (0.017)  ,  ForwardTime: 0.946  ,  TotalTime: 3.477  ,  cls_loss: 0.01416
[train: 4, 450 / 468] FPS: 9.5 (44.6)  ,  DataTime: 1.187 (0.013)  ,  ForwardTime: 2.165  ,  TotalTime: 3.365  ,  cls_loss: 0.01475
[train: 4, 450 / 468] FPS: 9.5 (44.5)  ,  DataTime: 2.484 (0.017)  ,  ForwardTime: 0.862  ,  TotalTime: 3.363  ,  cls_loss: 0.01310
[train: 4, 450 / 468] FPS: 9.5 (44.8)  ,  DataTime: 2.899 (0.017)  ,  ForwardTime: 0.448  ,  TotalTime: 3.364  ,  cls_loss: 0.01667
[train: 4, 450 / 468] FPS: 9.5 (44.4)  ,  DataTime: 2.420 (0.017)  ,  ForwardTime: 0.927  ,  TotalTime: 3.364  ,  cls_loss: 0.01413
[train: 4, 468 / 468] FPS: 9.9 (124.3)  ,  DataTime: 1.142 (0.013)  ,  ForwardTime: 2.091  ,  TotalTime: 3.246  ,  cls_loss: 0.01426
[train: 4, 468 / 468] FPS: 9.9 (124.3)  ,  DataTime: 2.788 (0.017)  ,  ForwardTime: 0.439  ,  TotalTime: 3.245  ,  cls_loss: 0.01640
[train: 4, 468 / 468] FPS: 9.9 (124.3)  ,  DataTime: 2.389 (0.017)  ,  ForwardTime: 0.838  ,  TotalTime: 3.244  ,  cls_loss: 0.01309
[train: 4, 468 / 468] FPS: 9.9 (124.4)  ,  DataTime: 2.328 (0.017)  ,  ForwardTime: 0.900  ,  TotalTime: 3.244  ,  cls_loss: 0.01443
[train: 5, 50 / 468] FPS: 7.0 (123.9)  ,  DataTime: 4.134 (0.017)  ,  ForwardTime: 0.415  ,  TotalTime: 4.566  ,  cls_loss: 0.01206
[train: 5, 50 / 468] FPS: 7.0 (124.3)  ,  DataTime: 3.446 (0.017)  ,  ForwardTime: 1.103  ,  TotalTime: 4.566  ,  cls_loss: 0.01338
[train: 5, 50 / 468] FPS: 7.0 (123.3)  ,  DataTime: 3.771 (0.013)  ,  ForwardTime: 0.785  ,  TotalTime: 4.569  ,  cls_loss: 0.01142
[train: 5, 50 / 468] FPS: 7.0 (122.2)  ,  DataTime: 3.994 (0.017)  ,  ForwardTime: 0.556  ,  TotalTime: 4.567  ,  cls_loss: 0.01866
[train: 5, 100 / 468] FPS: 7.5 (7.5)  ,  DataTime: 3.302 (0.013)  ,  ForwardTime: 0.932  ,  TotalTime: 4.247  ,  cls_loss: 0.01047
[train: 5, 100 / 468] FPS: 7.5 (7.5)  ,  DataTime: 3.858 (0.017)  ,  ForwardTime: 0.371  ,  TotalTime: 4.246  ,  cls_loss: 0.01209
[train: 5, 100 / 468] FPS: 7.5 (7.5)  ,  DataTime: 3.709 (0.018)  ,  ForwardTime: 0.520  ,  TotalTime: 4.247  ,  cls_loss: 0.01495
[train: 5, 100 / 468] FPS: 7.5 (7.5)  ,  DataTime: 2.929 (0.017)  ,  ForwardTime: 1.300  ,  TotalTime: 4.246  ,  cls_loss: 0.01093
[train: 5, 150 / 468] FPS: 8.9 (124.9)  ,  DataTime: 2.995 (0.017)  ,  ForwardTime: 0.590  ,  TotalTime: 3.602  ,  cls_loss: 0.01359
[train: 5, 150 / 468] FPS: 8.9 (125.6)  ,  DataTime: 2.300 (0.017)  ,  ForwardTime: 1.284  ,  TotalTime: 3.601  ,  cls_loss: 0.01144
[train: 5, 150 / 468] FPS: 8.9 (124.6)  ,  DataTime: 3.184 (0.017)  ,  ForwardTime: 0.400  ,  TotalTime: 3.601  ,  cls_loss: 0.00969
[train: 5, 150 / 468] FPS: 8.9 (123.9)  ,  DataTime: 2.572 (0.012)  ,  ForwardTime: 1.018  ,  TotalTime: 3.602  ,  cls_loss: 0.01119
[train: 5, 200 / 468] FPS: 8.8 (124.7)  ,  DataTime: 2.291 (0.017)  ,  ForwardTime: 1.335  ,  TotalTime: 3.642  ,  cls_loss: 0.01274
[train: 5, 200 / 468] FPS: 8.8 (124.5)  ,  DataTime: 2.500 (0.012)  ,  ForwardTime: 1.130  ,  TotalTime: 3.643  ,  cls_loss: 0.01037
[train: 5, 200 / 468] FPS: 8.8 (124.0)  ,  DataTime: 3.178 (0.017)  ,  ForwardTime: 0.447  ,  TotalTime: 3.642  ,  cls_loss: 0.00900
[train: 5, 200 / 468] FPS: 8.8 (123.1)  ,  DataTime: 2.883 (0.017)  ,  ForwardTime: 0.742  ,  TotalTime: 3.642  ,  cls_loss: 0.01332
[train: 5, 250 / 468] FPS: 9.3 (126.2)  ,  DataTime: 2.138 (0.012)  ,  ForwardTime: 1.272  ,  TotalTime: 3.423  ,  cls_loss: 0.00862
[train: 5, 250 / 468] FPS: 9.3 (125.9)  ,  DataTime: 2.592 (0.018)  ,  ForwardTime: 0.812  ,  TotalTime: 3.423  ,  cls_loss: 0.01153
[train: 5, 250 / 468] FPS: 9.4 (127.8)  ,  DataTime: 2.829 (0.017)  ,  ForwardTime: 0.576  ,  TotalTime: 3.422  ,  cls_loss: 0.00882
[train: 5, 250 / 468] FPS: 9.4 (124.5)  ,  DataTime: 2.111 (0.017)  ,  ForwardTime: 1.295  ,  TotalTime: 3.422  ,  cls_loss: 0.01267
[train: 5, 300 / 468] FPS: 9.1 (125.4)  ,  DataTime: 2.056 (0.017)  ,  ForwardTime: 1.428  ,  TotalTime: 3.502  ,  cls_loss: 0.01286
[train: 5, 300 / 468] FPS: 9.1 (125.7)  ,  DataTime: 2.560 (0.018)  ,  ForwardTime: 0.924  ,  TotalTime: 3.502  ,  cls_loss: 0.01212
[train: 5, 300 / 468] FPS: 9.1 (125.2)  ,  DataTime: 2.855 (0.017)  ,  ForwardTime: 0.629  ,  TotalTime: 3.502  ,  cls_loss: 0.00878
[train: 5, 300 / 468] FPS: 9.1 (124.9)  ,  DataTime: 1.996 (0.013)  ,  ForwardTime: 1.493  ,  TotalTime: 3.502  ,  cls_loss: 0.00889
[train: 5, 350 / 468] FPS: 9.7 (123.8)  ,  DataTime: 2.341 (0.017)  ,  ForwardTime: 0.949  ,  TotalTime: 3.308  ,  cls_loss: 0.01226
[train: 5, 350 / 468] FPS: 9.7 (124.1)  ,  DataTime: 1.809 (0.013)  ,  ForwardTime: 1.486  ,  TotalTime: 3.308  ,  cls_loss: 0.00973
[train: 5, 350 / 468] FPS: 9.7 (125.7)  ,  DataTime: 2.643 (0.017)  ,  ForwardTime: 0.647  ,  TotalTime: 3.308  ,  cls_loss: 0.00804
[train: 5, 350 / 468] FPS: 9.7 (123.8)  ,  DataTime: 1.947 (0.017)  ,  ForwardTime: 1.343  ,  TotalTime: 3.308  ,  cls_loss: 0.01420
[train: 5, 400 / 468] FPS: 9.4 (124.1)  ,  DataTime: 1.745 (0.013)  ,  ForwardTime: 1.652  ,  TotalTime: 3.410  ,  cls_loss: 0.00955
[train: 5, 400 / 468] FPS: 9.4 (124.2)  ,  DataTime: 2.645 (0.017)  ,  ForwardTime: 0.747  ,  TotalTime: 3.410  ,  cls_loss: 0.00851
[train: 5, 400 / 468] FPS: 9.4 (124.1)  ,  DataTime: 1.979 (0.017)  ,  ForwardTime: 1.413  ,  TotalTime: 3.410  ,  cls_loss: 0.01338
[train: 5, 400 / 468] FPS: 9.4 (124.3)  ,  DataTime: 2.242 (0.017)  ,  ForwardTime: 1.150  ,  TotalTime: 3.410  ,  cls_loss: 0.01256
[train: 5, 450 / 468] FPS: 9.8 (15.8)  ,  DataTime: 2.482 (0.017)  ,  ForwardTime: 0.751  ,  TotalTime: 3.250  ,  cls_loss: 0.00939
[train: 5, 450 / 468] FPS: 9.8 (15.9)  ,  DataTime: 2.039 (0.017)  ,  ForwardTime: 1.195  ,  TotalTime: 3.251  ,  cls_loss: 0.01285
[train: 5, 450 / 468] FPS: 9.8 (15.8)  ,  DataTime: 1.905 (0.017)  ,  ForwardTime: 1.327  ,  TotalTime: 3.250  ,  cls_loss: 0.01382
[train: 5, 450 / 468] FPS: 9.8 (15.8)  ,  DataTime: 1.608 (0.012)  ,  ForwardTime: 1.630  ,  TotalTime: 3.251  ,  cls_loss: 0.00880
[train: 5, 468 / 468] FPS: 10.2 (124.8)  ,  DataTime: 2.388 (0.017)  ,  ForwardTime: 0.731  ,  TotalTime: 3.135  ,  cls_loss: 0.00947
[train: 5, 468 / 468] FPS: 10.2 (124.8)  ,  DataTime: 1.961 (0.017)  ,  ForwardTime: 1.158  ,  TotalTime: 3.136  ,  cls_loss: 0.01244
[train: 5, 468 / 468] FPS: 10.2 (124.6)  ,  DataTime: 1.547 (0.012)  ,  ForwardTime: 1.577  ,  TotalTime: 3.136  ,  cls_loss: 0.00884
[train: 5, 468 / 468] FPS: 10.2 (124.5)  ,  DataTime: 1.833 (0.017)  ,  ForwardTime: 1.285  ,  TotalTime: 3.135  ,  cls_loss: 0.01351
[train: 6, 50 / 468] FPS: 7.0 (126.1)  ,  DataTime: 3.744 (0.017)  ,  ForwardTime: 0.835  ,  TotalTime: 4.596  ,  cls_loss: 0.00325
[train: 6, 50 / 468] FPS: 7.0 (126.1)  ,  DataTime: 4.081 (0.017)  ,  ForwardTime: 0.498  ,  TotalTime: 4.596  ,  cls_loss: 0.01142
[train: 6, 50 / 468] FPS: 7.0 (126.6)  ,  DataTime: 4.036 (0.013)  ,  ForwardTime: 0.550  ,  TotalTime: 4.599  ,  cls_loss: 0.01068
[train: 6, 50 / 468] FPS: 7.0 (124.4)  ,  DataTime: 3.891 (0.016)  ,  ForwardTime: 0.689  ,  TotalTime: 4.597  ,  cls_loss: 0.02844
[train: 6, 100 / 468] FPS: 7.7 (125.4)  ,  DataTime: 3.458 (0.016)  ,  ForwardTime: 0.671  ,  TotalTime: 4.145  ,  cls_loss: 0.01665
[train: 6, 100 / 468] FPS: 7.7 (125.2)  ,  DataTime: 3.625 (0.017)  ,  ForwardTime: 0.503  ,  TotalTime: 4.145  ,  cls_loss: 0.01560
[train: 6, 100 / 468] FPS: 7.7 (124.9)  ,  DataTime: 3.324 (0.017)  ,  ForwardTime: 0.805  ,  TotalTime: 4.145  ,  cls_loss: 0.00356
[train: 6, 100 / 468] FPS: 7.7 (125.1)  ,  DataTime: 3.423 (0.013)  ,  ForwardTime: 0.711  ,  TotalTime: 4.146  ,  cls_loss: 0.00848
[train: 6, 150 / 468] FPS: 8.6 (1.5)  ,  DataTime: 2.829 (0.017)  ,  ForwardTime: 0.892  ,  TotalTime: 3.738  ,  cls_loss: 0.01323
[train: 6, 150 / 468] FPS: 8.6 (1.5)  ,  DataTime: 2.748 (0.013)  ,  ForwardTime: 0.979  ,  TotalTime: 3.739  ,  cls_loss: 0.00998
[train: 6, 150 / 468] FPS: 8.6 (1.5)  ,  DataTime: 2.918 (0.016)  ,  ForwardTime: 0.804  ,  TotalTime: 3.738  ,  cls_loss: 0.01500
[train: 6, 150 / 468] FPS: 8.6 (1.5)  ,  DataTime: 2.814 (0.017)  ,  ForwardTime: 0.907  ,  TotalTime: 3.738  ,  cls_loss: 0.00570
[train: 6, 200 / 468] FPS: 8.5 (85.1)  ,  DataTime: 2.912 (0.017)  ,  ForwardTime: 0.845  ,  TotalTime: 3.775  ,  cls_loss: 0.00713
[train: 6, 200 / 468] FPS: 8.5 (85.1)  ,  DataTime: 2.465 (0.013)  ,  ForwardTime: 1.298  ,  TotalTime: 3.775  ,  cls_loss: 0.00981
[train: 6, 200 / 468] FPS: 8.5 (84.2)  ,  DataTime: 2.765 (0.016)  ,  ForwardTime: 0.993  ,  TotalTime: 3.775  ,  cls_loss: 0.01254
[train: 6, 200 / 468] FPS: 8.5 (84.1)  ,  DataTime: 2.547 (0.017)  ,  ForwardTime: 1.211  ,  TotalTime: 3.775  ,  cls_loss: 0.01105
[train: 6, 250 / 468] FPS: 9.3 (125.2)  ,  DataTime: 2.138 (0.013)  ,  ForwardTime: 1.280  ,  TotalTime: 3.430  ,  cls_loss: 0.00965
[train: 6, 250 / 468] FPS: 9.3 (123.3)  ,  DataTime: 2.183 (0.017)  ,  ForwardTime: 1.230  ,  TotalTime: 3.430  ,  cls_loss: 0.00995
[train: 6, 250 / 468] FPS: 9.3 (123.0)  ,  DataTime: 2.464 (0.016)  ,  ForwardTime: 0.949  ,  TotalTime: 3.430  ,  cls_loss: 0.01226
[train: 6, 250 / 468] FPS: 9.3 (122.8)  ,  DataTime: 2.608 (0.017)  ,  ForwardTime: 0.804  ,  TotalTime: 3.430  ,  cls_loss: 0.00679
[train: 6, 300 / 468] FPS: 9.1 (124.3)  ,  DataTime: 2.060 (0.012)  ,  ForwardTime: 1.442  ,  TotalTime: 3.514  ,  cls_loss: 0.00948
[train: 6, 300 / 468] FPS: 9.1 (124.3)  ,  DataTime: 2.433 (0.016)  ,  ForwardTime: 1.065  ,  TotalTime: 3.514  ,  cls_loss: 0.01204
[train: 6, 300 / 468] FPS: 9.1 (124.1)  ,  DataTime: 2.054 (0.017)  ,  ForwardTime: 1.444  ,  TotalTime: 3.514  ,  cls_loss: 0.00955
[train: 6, 300 / 468] FPS: 9.1 (123.4)  ,  DataTime: 2.730 (0.017)  ,  ForwardTime: 0.767  ,  TotalTime: 3.514  ,  cls_loss: 0.00720
[train: 6, 350 / 468] FPS: 9.7 (124.3)  ,  DataTime: 2.266 (0.016)  ,  ForwardTime: 1.031  ,  TotalTime: 3.313  ,  cls_loss: 0.01153
[train: 6, 350 / 468] FPS: 9.7 (125.0)  ,  DataTime: 2.544 (0.017)  ,  ForwardTime: 0.752  ,  TotalTime: 3.313  ,  cls_loss: 0.00948
[train: 6, 350 / 468] FPS: 9.7 (124.2)  ,  DataTime: 1.893 (0.012)  ,  ForwardTime: 1.408  ,  TotalTime: 3.314  ,  cls_loss: 0.01032
[train: 6, 350 / 468] FPS: 9.7 (123.0)  ,  DataTime: 1.867 (0.017)  ,  ForwardTime: 1.429  ,  TotalTime: 3.313  ,  cls_loss: 0.00895
[train: 6, 400 / 468] FPS: 9.4 (124.5)  ,  DataTime: 2.327 (0.016)  ,  ForwardTime: 1.059  ,  TotalTime: 3.402  ,  cls_loss: 0.01126
[train: 6, 400 / 468] FPS: 9.4 (124.1)  ,  DataTime: 1.758 (0.017)  ,  ForwardTime: 1.628  ,  TotalTime: 3.402  ,  cls_loss: 0.00865
[train: 6, 400 / 468] FPS: 9.4 (124.0)  ,  DataTime: 1.869 (0.013)  ,  ForwardTime: 1.521  ,  TotalTime: 3.402  ,  cls_loss: 0.01051
[train: 6, 400 / 468] FPS: 9.4 (124.0)  ,  DataTime: 2.523 (0.017)  ,  ForwardTime: 0.863  ,  TotalTime: 3.402  ,  cls_loss: 0.00894
[train: 6, 450 / 468] FPS: 9.8 (124.3)  ,  DataTime: 2.366 (0.017)  ,  ForwardTime: 0.866  ,  TotalTime: 3.249  ,  cls_loss: 0.00959
[train: 6, 450 / 468] FPS: 9.8 (126.0)  ,  DataTime: 2.219 (0.016)  ,  ForwardTime: 1.014  ,  TotalTime: 3.249  ,  cls_loss: 0.01198
[train: 6, 450 / 468] FPS: 9.8 (124.3)  ,  DataTime: 1.779 (0.013)  ,  ForwardTime: 1.457  ,  TotalTime: 3.249  ,  cls_loss: 0.01006
[train: 6, 450 / 468] FPS: 9.8 (124.3)  ,  DataTime: 1.627 (0.017)  ,  ForwardTime: 1.605  ,  TotalTime: 3.249  ,  cls_loss: 0.00889
[train: 6, 468 / 468] FPS: 10.2 (119.9)  ,  DataTime: 1.565 (0.017)  ,  ForwardTime: 1.556  ,  TotalTime: 3.138  ,  cls_loss: 0.00927
[train: 6, 468 / 468] FPS: 10.2 (118.4)  ,  DataTime: 1.712 (0.013)  ,  ForwardTime: 1.414  ,  TotalTime: 3.138  ,  cls_loss: 0.00973
[train: 6, 468 / 468] FPS: 10.2 (118.4)  ,  DataTime: 2.134 (0.016)  ,  ForwardTime: 0.988  ,  TotalTime: 3.138  ,  cls_loss: 0.01223
[train: 6, 468 / 468] FPS: 10.2 (118.4)  ,  DataTime: 2.280 (0.017)  ,  ForwardTime: 0.842  ,  TotalTime: 3.138  ,  cls_loss: 0.00932
[train: 7, 50 / 468] FPS: 7.2 (125.3)  ,  DataTime: 3.535 (0.013)  ,  ForwardTime: 0.917  ,  TotalTime: 4.465  ,  cls_loss: 0.00737
[train: 7, 50 / 468] FPS: 7.2 (125.3)  ,  DataTime: 4.145 (0.017)  ,  ForwardTime: 0.298  ,  TotalTime: 4.460  ,  cls_loss: 0.00653
[train: 7, 50 / 468] FPS: 7.2 (125.3)  ,  DataTime: 3.721 (0.017)  ,  ForwardTime: 0.724  ,  TotalTime: 4.461  ,  cls_loss: 0.00413
[train: 7, 50 / 468] FPS: 7.2 (125.3)  ,  DataTime: 3.521 (0.016)  ,  ForwardTime: 0.923  ,  TotalTime: 4.460  ,  cls_loss: 0.00718
[train: 7, 100 / 468] FPS: 7.3 (33.2)  ,  DataTime: 3.318 (0.016)  ,  ForwardTime: 1.032  ,  TotalTime: 4.366  ,  cls_loss: 0.00804
[train: 7, 100 / 468] FPS: 7.3 (33.1)  ,  DataTime: 3.655 (0.017)  ,  ForwardTime: 0.694  ,  TotalTime: 4.366  ,  cls_loss: 0.00673
[train: 7, 100 / 468] FPS: 7.3 (33.1)  ,  DataTime: 2.907 (0.013)  ,  ForwardTime: 1.448  ,  TotalTime: 4.368  ,  cls_loss: 0.00796
[train: 7, 100 / 468] FPS: 7.3 (33.2)  ,  DataTime: 3.729 (0.017)  ,  ForwardTime: 0.620  ,  TotalTime: 4.366  ,  cls_loss: 0.00773
[train: 7, 150 / 468] FPS: 8.9 (126.0)  ,  DataTime: 3.009 (0.017)  ,  ForwardTime: 0.573  ,  TotalTime: 3.600  ,  cls_loss: 0.00839
[train: 7, 150 / 468] FPS: 8.9 (126.1)  ,  DataTime: 2.790 (0.017)  ,  ForwardTime: 0.793  ,  TotalTime: 3.600  ,  cls_loss: 0.00873
[train: 7, 150 / 468] FPS: 8.9 (126.1)  ,  DataTime: 2.168 (0.013)  ,  ForwardTime: 1.420  ,  TotalTime: 3.601  ,  cls_loss: 0.01047
[train: 7, 150 / 468] FPS: 8.9 (125.7)  ,  DataTime: 2.647 (0.016)  ,  ForwardTime: 0.936  ,  TotalTime: 3.600  ,  cls_loss: 0.00935
[train: 7, 200 / 468] FPS: 8.6 (113.7)  ,  DataTime: 2.969 (0.017)  ,  ForwardTime: 0.741  ,  TotalTime: 3.727  ,  cls_loss: 0.01187
[train: 7, 200 / 468] FPS: 8.6 (113.7)  ,  DataTime: 2.704 (0.017)  ,  ForwardTime: 1.006  ,  TotalTime: 3.726  ,  cls_loss: 0.00983
[train: 7, 200 / 468] FPS: 8.6 (113.5)  ,  DataTime: 1.897 (0.013)  ,  ForwardTime: 1.818  ,  TotalTime: 3.728  ,  cls_loss: 0.01130
[train: 7, 200 / 468] FPS: 8.6 (114.5)  ,  DataTime: 2.704 (0.016)  ,  ForwardTime: 1.006  ,  TotalTime: 3.726  ,  cls_loss: 0.00826
[train: 7, 250 / 468] FPS: 9.4 (125.0)  ,  DataTime: 2.685 (0.017)  ,  ForwardTime: 0.718  ,  TotalTime: 3.421  ,  cls_loss: 0.00984
[train: 7, 250 / 468] FPS: 9.4 (125.0)  ,  DataTime: 1.578 (0.013)  ,  ForwardTime: 1.830  ,  TotalTime: 3.422  ,  cls_loss: 0.01256
[train: 7, 250 / 468] FPS: 9.4 (125.0)  ,  DataTime: 2.415 (0.016)  ,  ForwardTime: 0.989  ,  TotalTime: 3.421  ,  cls_loss: 0.00792
[train: 7, 250 / 468] FPS: 9.4 (124.5)  ,  DataTime: 2.373 (0.017)  ,  ForwardTime: 1.031  ,  TotalTime: 3.421  ,  cls_loss: 0.00879
[train: 7, 300 / 468] FPS: 9.2 (125.0)  ,  DataTime: 2.367 (0.016)  ,  ForwardTime: 1.101  ,  TotalTime: 3.485  ,  cls_loss: 0.00830
[train: 7, 300 / 468] FPS: 9.2 (122.1)  ,  DataTime: 2.341 (0.017)  ,  ForwardTime: 1.127  ,  TotalTime: 3.485  ,  cls_loss: 0.01042
[train: 7, 300 / 468] FPS: 9.2 (121.7)  ,  DataTime: 1.391 (0.013)  ,  ForwardTime: 2.082  ,  TotalTime: 3.486  ,  cls_loss: 0.01197
[train: 7, 300 / 468] FPS: 9.2 (123.3)  ,  DataTime: 2.688 (0.017)  ,  ForwardTime: 0.780  ,  TotalTime: 3.485  ,  cls_loss: 0.00918
[train: 7, 350 / 468] FPS: 9.7 (123.0)  ,  DataTime: 2.167 (0.016)  ,  ForwardTime: 1.109  ,  TotalTime: 3.292  ,  cls_loss: 0.00838
[train: 7, 350 / 468] FPS: 9.7 (122.2)  ,  DataTime: 2.180 (0.017)  ,  ForwardTime: 1.095  ,  TotalTime: 3.292  ,  cls_loss: 0.01054
[train: 7, 350 / 468] FPS: 9.7 (121.6)  ,  DataTime: 1.240 (0.012)  ,  ForwardTime: 2.040  ,  TotalTime: 3.292  ,  cls_loss: 0.01161
[train: 7, 350 / 468] FPS: 9.7 (121.0)  ,  DataTime: 2.543 (0.017)  ,  ForwardTime: 0.732  ,  TotalTime: 3.292  ,  cls_loss: 0.00838
[train: 7, 400 / 468] FPS: 9.4 (124.4)  ,  DataTime: 2.109 (0.017)  ,  ForwardTime: 1.266  ,  TotalTime: 3.392  ,  cls_loss: 0.00830
[train: 7, 400 / 468] FPS: 9.4 (124.3)  ,  DataTime: 2.673 (0.017)  ,  ForwardTime: 0.702  ,  TotalTime: 3.392  ,  cls_loss: 0.00876
[train: 7, 400 / 468] FPS: 9.4 (124.3)  ,  DataTime: 1.107 (0.012)  ,  ForwardTime: 2.273  ,  TotalTime: 3.392  ,  cls_loss: 0.01116
[train: 7, 400 / 468] FPS: 9.4 (126.1)  ,  DataTime: 2.201 (0.017)  ,  ForwardTime: 1.174  ,  TotalTime: 3.392  ,  cls_loss: 0.01077
[train: 7, 450 / 468] FPS: 9.8 (113.6)  ,  DataTime: 0.987 (0.012)  ,  ForwardTime: 2.256  ,  TotalTime: 3.255  ,  cls_loss: 0.01048
[train: 7, 450 / 468] FPS: 9.8 (114.1)  ,  DataTime: 2.116 (0.017)  ,  ForwardTime: 1.122  ,  TotalTime: 3.254  ,  cls_loss: 0.01044
[train: 7, 450 / 468] FPS: 9.8 (114.6)  ,  DataTime: 1.948 (0.017)  ,  ForwardTime: 1.290  ,  TotalTime: 3.254  ,  cls_loss: 0.00932
[train: 7, 450 / 468] FPS: 9.8 (113.4)  ,  DataTime: 2.531 (0.017)  ,  ForwardTime: 0.706  ,  TotalTime: 3.255  ,  cls_loss: 0.00929
[train: 7, 468 / 468] FPS: 10.2 (123.4)  ,  DataTime: 2.035 (0.017)  ,  ForwardTime: 1.087  ,  TotalTime: 3.139  ,  cls_loss: 0.01012
[train: 7, 468 / 468] FPS: 10.2 (123.2)  ,  DataTime: 1.874 (0.016)  ,  ForwardTime: 1.249  ,  TotalTime: 3.139  ,  cls_loss: 0.00938
[train: 7, 468 / 468] FPS: 10.2 (123.2)  ,  DataTime: 0.949 (0.012)  ,  ForwardTime: 2.178  ,  TotalTime: 3.140  ,  cls_loss: 0.01108
[train: 7, 468 / 468] FPS: 10.2 (121.5)  ,  DataTime: 2.435 (0.017)  ,  ForwardTime: 0.687  ,  TotalTime: 3.139  ,  cls_loss: 0.00940
[train: 8, 50 / 468] FPS: 7.2 (124.7)  ,  DataTime: 3.676 (0.019)  ,  ForwardTime: 0.769  ,  TotalTime: 4.463  ,  cls_loss: 0.01185
[train: 8, 50 / 468] FPS: 7.2 (124.6)  ,  DataTime: 3.732 (0.016)  ,  ForwardTime: 0.714  ,  TotalTime: 4.462  ,  cls_loss: 0.00858
[train: 8, 50 / 468] FPS: 7.2 (125.2)  ,  DataTime: 4.036 (0.013)  ,  ForwardTime: 0.416  ,  TotalTime: 4.465  ,  cls_loss: 0.00959
[train: 8, 50 / 468] FPS: 7.2 (123.7)  ,  DataTime: 3.800 (0.018)  ,  ForwardTime: 0.645  ,  TotalTime: 4.463  ,  cls_loss: 0.00662
[train: 8, 100 / 468] FPS: 7.5 (124.5)  ,  DataTime: 3.630 (0.017)  ,  ForwardTime: 0.641  ,  TotalTime: 4.288  ,  cls_loss: 0.00748
[train: 8, 100 / 468] FPS: 7.5 (125.8)  ,  DataTime: 3.641 (0.018)  ,  ForwardTime: 0.629  ,  TotalTime: 4.288  ,  cls_loss: 0.01175
[train: 8, 100 / 468] FPS: 7.5 (123.7)  ,  DataTime: 3.732 (0.013)  ,  ForwardTime: 0.545  ,  TotalTime: 4.289  ,  cls_loss: 0.00694
[train: 8, 100 / 468] FPS: 7.5 (123.9)  ,  DataTime: 3.383 (0.017)  ,  ForwardTime: 0.889  ,  TotalTime: 4.288  ,  cls_loss: 0.01012
[train: 8, 150 / 468] FPS: 8.8 (125.1)  ,  DataTime: 2.991 (0.017)  ,  ForwardTime: 0.649  ,  TotalTime: 3.657  ,  cls_loss: 0.00807
[train: 8, 150 / 468] FPS: 8.8 (125.4)  ,  DataTime: 3.116 (0.018)  ,  ForwardTime: 0.523  ,  TotalTime: 3.657  ,  cls_loss: 0.01133
[train: 8, 150 / 468] FPS: 8.8 (125.1)  ,  DataTime: 2.663 (0.017)  ,  ForwardTime: 0.977  ,  TotalTime: 3.657  ,  cls_loss: 0.01102
[train: 8, 150 / 468] FPS: 8.7 (125.1)  ,  DataTime: 2.960 (0.013)  ,  ForwardTime: 0.685  ,  TotalTime: 3.658  ,  cls_loss: 0.00619
