[train: 1, 50 / 3750] FPS: 43.9 (50.3)  ,  DataTime: 0.038 (0.005)  ,  ForwardTime: 0.321  ,  TotalTime: 0.364  ,  Loss/total: 2.57886  ,  Loss/giou: 0.93990  ,  Loss/l1: 0.13981  ,  IoU: 0.16434
[train: 1, 100 / 3750] FPS: 46.8 (50.4)  ,  DataTime: 0.023 (0.005)  ,  ForwardTime: 0.314  ,  TotalTime: 0.342  ,  Loss/total: 2.28210  ,  Loss/giou: 0.83982  ,  Loss/l1: 0.12049  ,  IoU: 0.22675
[train: 1, 150 / 3750] FPS: 47.9 (50.2)  ,  DataTime: 0.018 (0.005)  ,  ForwardTime: 0.312  ,  TotalTime: 0.334  ,  Loss/total: 2.17442  ,  Loss/giou: 0.80665  ,  Loss/l1: 0.11223  ,  IoU: 0.25959
[train: 1, 200 / 3750] FPS: 48.3 (50.2)  ,  DataTime: 0.015 (0.005)  ,  ForwardTime: 0.311  ,  TotalTime: 0.331  ,  Loss/total: 2.09655  ,  Loss/giou: 0.77805  ,  Loss/l1: 0.10809  ,  IoU: 0.27098
[train: 1, 250 / 3750] FPS: 48.7 (48.6)  ,  DataTime: 0.014 (0.005)  ,  ForwardTime: 0.310  ,  TotalTime: 0.329  ,  Loss/total: 2.05402  ,  Loss/giou: 0.76440  ,  Loss/l1: 0.10504  ,  IoU: 0.28924
[train: 1, 300 / 3750] FPS: 48.9 (50.5)  ,  DataTime: 0.013 (0.005)  ,  ForwardTime: 0.309  ,  TotalTime: 0.327  ,  Loss/total: 2.00967  ,  Loss/giou: 0.74799  ,  Loss/l1: 0.10274  ,  IoU: 0.29271
[train: 1, 350 / 3750] FPS: 49.0 (48.4)  ,  DataTime: 0.012 (0.005)  ,  ForwardTime: 0.309  ,  TotalTime: 0.326  ,  Loss/total: 1.99413  ,  Loss/giou: 0.74350  ,  Loss/l1: 0.10143  ,  IoU: 0.30045
[train: 1, 400 / 3750] FPS: 49.1 (48.9)  ,  DataTime: 0.011 (0.005)  ,  ForwardTime: 0.309  ,  TotalTime: 0.326  ,  Loss/total: 1.97049  ,  Loss/giou: 0.73417  ,  Loss/l1: 0.10043  ,  IoU: 0.30503
[train: 1, 450 / 3750] FPS: 49.2 (49.8)  ,  DataTime: 0.011 (0.005)  ,  ForwardTime: 0.309  ,  TotalTime: 0.325  ,  Loss/total: 1.95980  ,  Loss/giou: 0.73108  ,  Loss/l1: 0.09953  ,  IoU: 0.31030
[train: 1, 500 / 3750] FPS: 49.3 (50.3)  ,  DataTime: 0.011 (0.005)  ,  ForwardTime: 0.309  ,  TotalTime: 0.325  ,  Loss/total: 1.94099  ,  Loss/giou: 0.72262  ,  Loss/l1: 0.09915  ,  IoU: 0.31306
[train: 1, 550 / 3750] FPS: 49.3 (49.5)  ,  DataTime: 0.010 (0.005)  ,  ForwardTime: 0.309  ,  TotalTime: 0.325  ,  Loss/total: 1.93629  ,  Loss/giou: 0.72117  ,  Loss/l1: 0.09879  ,  IoU: 0.31715
[train: 1, 600 / 3750] FPS: 49.3 (49.7)  ,  DataTime: 0.010 (0.005)  ,  ForwardTime: 0.309  ,  TotalTime: 0.324  ,  Loss/total: 1.92892  ,  Loss/giou: 0.71921  ,  Loss/l1: 0.09810  ,  IoU: 0.32164
[train: 1, 650 / 3750] FPS: 49.3 (49.9)  ,  DataTime: 0.010 (0.005)  ,  ForwardTime: 0.309  ,  TotalTime: 0.324  ,  Loss/total: 1.91800  ,  Loss/giou: 0.71624  ,  Loss/l1: 0.09710  ,  IoU: 0.32643
[train: 1, 700 / 3750] FPS: 49.3 (49.7)  ,  DataTime: 0.010 (0.005)  ,  ForwardTime: 0.309  ,  TotalTime: 0.324  ,  Loss/total: 1.91444  ,  Loss/giou: 0.71531  ,  Loss/l1: 0.09676  ,  IoU: 0.32948
[train: 1, 750 / 3750] FPS: 49.3 (50.1)  ,  DataTime: 0.010 (0.005)  ,  ForwardTime: 0.309  ,  TotalTime: 0.324  ,  Loss/total: 1.90393  ,  Loss/giou: 0.71134  ,  Loss/l1: 0.09625  ,  IoU: 0.33092
[train: 1, 800 / 3750] FPS: 49.4 (48.3)  ,  DataTime: 0.010 (0.005)  ,  ForwardTime: 0.309  ,  TotalTime: 0.324  ,  Loss/total: 1.89689  ,  Loss/giou: 0.70903  ,  Loss/l1: 0.09577  ,  IoU: 0.33368
[train: 1, 850 / 3750] FPS: 49.4 (49.6)  ,  DataTime: 0.009 (0.005)  ,  ForwardTime: 0.309  ,  TotalTime: 0.324  ,  Loss/total: 1.89195  ,  Loss/giou: 0.70720  ,  Loss/l1: 0.09551  ,  IoU: 0.33480
[train: 1, 900 / 3750] FPS: 49.4 (49.1)  ,  DataTime: 0.009 (0.005)  ,  ForwardTime: 0.309  ,  TotalTime: 0.324  ,  Loss/total: 1.88685  ,  Loss/giou: 0.70592  ,  Loss/l1: 0.09500  ,  IoU: 0.33768
[train: 1, 950 / 3750] FPS: 49.4 (49.5)  ,  DataTime: 0.009 (0.005)  ,  ForwardTime: 0.309  ,  TotalTime: 0.324  ,  Loss/total: 1.87935  ,  Loss/giou: 0.70334  ,  Loss/l1: 0.09453  ,  IoU: 0.34031
[train: 1, 1000 / 3750] FPS: 49.4 (49.8)  ,  DataTime: 0.009 (0.005)  ,  ForwardTime: 0.309  ,  TotalTime: 0.324  ,  Loss/total: 1.86874  ,  Loss/giou: 0.69997  ,  Loss/l1: 0.09376  ,  IoU: 0.34355
[train: 1, 1050 / 3750] FPS: 49.4 (49.9)  ,  DataTime: 0.009 (0.005)  ,  ForwardTime: 0.309  ,  TotalTime: 0.324  ,  Loss/total: 1.86539  ,  Loss/giou: 0.69923  ,  Loss/l1: 0.09339  ,  IoU: 0.34565
[train: 1, 1100 / 3750] FPS: 49.4 (50.1)  ,  DataTime: 0.009 (0.005)  ,  ForwardTime: 0.309  ,  TotalTime: 0.324  ,  Loss/total: 1.86237  ,  Loss/giou: 0.69874  ,  Loss/l1: 0.09298  ,  IoU: 0.34797
[train: 1, 1150 / 3750] FPS: 49.5 (49.2)  ,  DataTime: 0.009 (0.005)  ,  ForwardTime: 0.309  ,  TotalTime: 0.323  ,  Loss/total: 1.85650  ,  Loss/giou: 0.69658  ,  Loss/l1: 0.09267  ,  IoU: 0.34931
[train: 1, 1200 / 3750] FPS: 49.5 (49.5)  ,  DataTime: 0.009 (0.005)  ,  ForwardTime: 0.309  ,  TotalTime: 0.323  ,  Loss/total: 1.85112  ,  Loss/giou: 0.69446  ,  Loss/l1: 0.09244  ,  IoU: 0.35050
[train: 1, 1250 / 3750] FPS: 49.5 (48.2)  ,  DataTime: 0.009 (0.005)  ,  ForwardTime: 0.309  ,  TotalTime: 0.323  ,  Loss/total: 1.84731  ,  Loss/giou: 0.69302  ,  Loss/l1: 0.09225  ,  IoU: 0.35132
[train: 1, 1300 / 3750] FPS: 49.5 (49.7)  ,  DataTime: 0.009 (0.005)  ,  ForwardTime: 0.309  ,  TotalTime: 0.323  ,  Loss/total: 1.84194  ,  Loss/giou: 0.69148  ,  Loss/l1: 0.09179  ,  IoU: 0.35423
[train: 1, 1350 / 3750] FPS: 49.5 (49.2)  ,  DataTime: 0.009 (0.005)  ,  ForwardTime: 0.309  ,  TotalTime: 0.323  ,  Loss/total: 1.83991  ,  Loss/giou: 0.69059  ,  Loss/l1: 0.09175  ,  IoU: 0.35511
[train: 1, 1400 / 3750] FPS: 49.5 (49.8)  ,  DataTime: 0.009 (0.005)  ,  ForwardTime: 0.309  ,  TotalTime: 0.323  ,  Loss/total: 1.83247  ,  Loss/giou: 0.68763  ,  Loss/l1: 0.09144  ,  IoU: 0.35570
[train: 1, 1450 / 3750] FPS: 49.5 (49.7)  ,  DataTime: 0.009 (0.005)  ,  ForwardTime: 0.309  ,  TotalTime: 0.323  ,  Loss/total: 1.83241  ,  Loss/giou: 0.68784  ,  Loss/l1: 0.09135  ,  IoU: 0.35697
[train: 1, 1500 / 3750] FPS: 49.5 (49.9)  ,  DataTime: 0.009 (0.005)  ,  ForwardTime: 0.309  ,  TotalTime: 0.323  ,  Loss/total: 1.82659  ,  Loss/giou: 0.68608  ,  Loss/l1: 0.09089  ,  IoU: 0.35927
[train: 1, 1550 / 3750] FPS: 49.5 (50.0)  ,  DataTime: 0.009 (0.005)  ,  ForwardTime: 0.309  ,  TotalTime: 0.323  ,  Loss/total: 1.82466  ,  Loss/giou: 0.68569  ,  Loss/l1: 0.09065  ,  IoU: 0.36095
[train: 1, 1600 / 3750] FPS: 49.5 (46.5)  ,  DataTime: 0.009 (0.005)  ,  ForwardTime: 0.310  ,  TotalTime: 0.323  ,  Loss/total: 1.82015  ,  Loss/giou: 0.68396  ,  Loss/l1: 0.09044  ,  IoU: 0.36184
[train: 1, 1650 / 3750] FPS: 49.5 (50.1)  ,  DataTime: 0.009 (0.005)  ,  ForwardTime: 0.310  ,  TotalTime: 0.323  ,  Loss/total: 1.81651  ,  Loss/giou: 0.68240  ,  Loss/l1: 0.09034  ,  IoU: 0.36262
[train: 1, 1700 / 3750] FPS: 49.5 (50.0)  ,  DataTime: 0.009 (0.005)  ,  ForwardTime: 0.310  ,  TotalTime: 0.323  ,  Loss/total: 1.81561  ,  Loss/giou: 0.68236  ,  Loss/l1: 0.09018  ,  IoU: 0.36371
[train: 1, 1750 / 3750] FPS: 49.5 (50.4)  ,  DataTime: 0.009 (0.005)  ,  ForwardTime: 0.310  ,  TotalTime: 0.323  ,  Loss/total: 1.80955  ,  Loss/giou: 0.68001  ,  Loss/l1: 0.08991  ,  IoU: 0.36419
[train: 1, 1800 / 3750] FPS: 49.5 (50.0)  ,  DataTime: 0.008 (0.005)  ,  ForwardTime: 0.310  ,  TotalTime: 0.323  ,  Loss/total: 1.80743  ,  Loss/giou: 0.67920  ,  Loss/l1: 0.08980  ,  IoU: 0.36492
[train: 1, 1850 / 3750] FPS: 49.5 (50.0)  ,  DataTime: 0.008 (0.005)  ,  ForwardTime: 0.310  ,  TotalTime: 0.323  ,  Loss/total: 1.80348  ,  Loss/giou: 0.67798  ,  Loss/l1: 0.08950  ,  IoU: 0.36574
[train: 1, 1900 / 3750] FPS: 49.5 (50.1)  ,  DataTime: 0.008 (0.005)  ,  ForwardTime: 0.310  ,  TotalTime: 0.323  ,  Loss/total: 1.80144  ,  Loss/giou: 0.67738  ,  Loss/l1: 0.08934  ,  IoU: 0.36666
[train: 1, 1950 / 3750] FPS: 49.5 (49.8)  ,  DataTime: 0.008 (0.005)  ,  ForwardTime: 0.310  ,  TotalTime: 0.323  ,  Loss/total: 1.79898  ,  Loss/giou: 0.67667  ,  Loss/l1: 0.08913  ,  IoU: 0.36770
[train: 1, 2000 / 3750] FPS: 49.5 (49.2)  ,  DataTime: 0.008 (0.005)  ,  ForwardTime: 0.309  ,  TotalTime: 0.323  ,  Loss/total: 1.79549  ,  Loss/giou: 0.67540  ,  Loss/l1: 0.08894  ,  IoU: 0.36829
[train: 1, 2050 / 3750] FPS: 49.5 (49.9)  ,  DataTime: 0.008 (0.005)  ,  ForwardTime: 0.309  ,  TotalTime: 0.323  ,  Loss/total: 1.79309  ,  Loss/giou: 0.67482  ,  Loss/l1: 0.08869  ,  IoU: 0.36922
[train: 1, 2100 / 3750] FPS: 49.5 (50.2)  ,  DataTime: 0.008 (0.005)  ,  ForwardTime: 0.309  ,  TotalTime: 0.323  ,  Loss/total: 1.78899  ,  Loss/giou: 0.67356  ,  Loss/l1: 0.08837  ,  IoU: 0.37014
[train: 1, 2150 / 3750] FPS: 49.5 (50.8)  ,  DataTime: 0.008 (0.005)  ,  ForwardTime: 0.309  ,  TotalTime: 0.323  ,  Loss/total: 1.78585  ,  Loss/giou: 0.67250  ,  Loss/l1: 0.08817  ,  IoU: 0.37095
[train: 1, 2200 / 3750] FPS: 49.5 (50.4)  ,  DataTime: 0.008 (0.005)  ,  ForwardTime: 0.309  ,  TotalTime: 0.323  ,  Loss/total: 1.78356  ,  Loss/giou: 0.67175  ,  Loss/l1: 0.08801  ,  IoU: 0.37204
[train: 1, 2250 / 3750] FPS: 49.6 (50.0)  ,  DataTime: 0.008 (0.005)  ,  ForwardTime: 0.309  ,  TotalTime: 0.323  ,  Loss/total: 1.77949  ,  Loss/giou: 0.67026  ,  Loss/l1: 0.08779  ,  IoU: 0.37257
[train: 1, 2300 / 3750] FPS: 49.6 (49.4)  ,  DataTime: 0.008 (0.005)  ,  ForwardTime: 0.309  ,  TotalTime: 0.323  ,  Loss/total: 1.77663  ,  Loss/giou: 0.66896  ,  Loss/l1: 0.08774  ,  IoU: 0.37270
[train: 1, 2350 / 3750] FPS: 49.6 (50.2)  ,  DataTime: 0.008 (0.005)  ,  ForwardTime: 0.309  ,  TotalTime: 0.323  ,  Loss/total: 1.77373  ,  Loss/giou: 0.66788  ,  Loss/l1: 0.08759  ,  IoU: 0.37321
[train: 1, 2400 / 3750] FPS: 49.6 (49.3)  ,  DataTime: 0.008 (0.005)  ,  ForwardTime: 0.309  ,  TotalTime: 0.323  ,  Loss/total: 1.77116  ,  Loss/giou: 0.66717  ,  Loss/l1: 0.08737  ,  IoU: 0.37424
[train: 1, 2450 / 3750] FPS: 49.6 (50.0)  ,  DataTime: 0.008 (0.005)  ,  ForwardTime: 0.309  ,  TotalTime: 0.323  ,  Loss/total: 1.76935  ,  Loss/giou: 0.66670  ,  Loss/l1: 0.08719  ,  IoU: 0.37509
[train: 1, 2500 / 3750] FPS: 49.6 (49.6)  ,  DataTime: 0.008 (0.005)  ,  ForwardTime: 0.309  ,  TotalTime: 0.323  ,  Loss/total: 1.76906  ,  Loss/giou: 0.66675  ,  Loss/l1: 0.08711  ,  IoU: 0.37590
[train: 1, 2550 / 3750] FPS: 49.6 (50.1)  ,  DataTime: 0.008 (0.005)  ,  ForwardTime: 0.309  ,  TotalTime: 0.323  ,  Loss/total: 1.76651  ,  Loss/giou: 0.66603  ,  Loss/l1: 0.08689  ,  IoU: 0.37692
[train: 1, 2600 / 3750] FPS: 49.6 (49.8)  ,  DataTime: 0.008 (0.005)  ,  ForwardTime: 0.309  ,  TotalTime: 0.323  ,  Loss/total: 1.76478  ,  Loss/giou: 0.66554  ,  Loss/l1: 0.08674  ,  IoU: 0.37742
[train: 1, 2650 / 3750] FPS: 49.6 (49.8)  ,  DataTime: 0.008 (0.005)  ,  ForwardTime: 0.309  ,  TotalTime: 0.323  ,  Loss/total: 1.76090  ,  Loss/giou: 0.66396  ,  Loss/l1: 0.08659  ,  IoU: 0.37799
[train: 1, 2700 / 3750] FPS: 49.6 (49.6)  ,  DataTime: 0.008 (0.005)  ,  ForwardTime: 0.309  ,  TotalTime: 0.323  ,  Loss/total: 1.75709  ,  Loss/giou: 0.66277  ,  Loss/l1: 0.08631  ,  IoU: 0.37906
[train: 1, 2750 / 3750] FPS: 49.6 (49.9)  ,  DataTime: 0.008 (0.005)  ,  ForwardTime: 0.309  ,  TotalTime: 0.323  ,  Loss/total: 1.75540  ,  Loss/giou: 0.66233  ,  Loss/l1: 0.08615  ,  IoU: 0.37989
[train: 1, 2800 / 3750] FPS: 49.6 (50.1)  ,  DataTime: 0.008 (0.005)  ,  ForwardTime: 0.309  ,  TotalTime: 0.323  ,  Loss/total: 1.75428  ,  Loss/giou: 0.66197  ,  Loss/l1: 0.08607  ,  IoU: 0.38056
[train: 1, 2850 / 3750] FPS: 49.6 (50.1)  ,  DataTime: 0.008 (0.005)  ,  ForwardTime: 0.309  ,  TotalTime: 0.323  ,  Loss/total: 1.75145  ,  Loss/giou: 0.66103  ,  Loss/l1: 0.08588  ,  IoU: 0.38140
[train: 1, 2900 / 3750] FPS: 49.6 (49.9)  ,  DataTime: 0.008 (0.005)  ,  ForwardTime: 0.309  ,  TotalTime: 0.323  ,  Loss/total: 1.74698  ,  Loss/giou: 0.65928  ,  Loss/l1: 0.08568  ,  IoU: 0.38192
[train: 1, 2950 / 3750] FPS: 49.6 (49.8)  ,  DataTime: 0.008 (0.005)  ,  ForwardTime: 0.309  ,  TotalTime: 0.323  ,  Loss/total: 1.74611  ,  Loss/giou: 0.65885  ,  Loss/l1: 0.08568  ,  IoU: 0.38236
[train: 1, 3000 / 3750] FPS: 49.6 (50.4)  ,  DataTime: 0.008 (0.005)  ,  ForwardTime: 0.309  ,  TotalTime: 0.322  ,  Loss/total: 1.74347  ,  Loss/giou: 0.65775  ,  Loss/l1: 0.08560  ,  IoU: 0.38264
[train: 1, 3050 / 3750] FPS: 49.6 (49.4)  ,  DataTime: 0.008 (0.005)  ,  ForwardTime: 0.309  ,  TotalTime: 0.322  ,  Loss/total: 1.74135  ,  Loss/giou: 0.65697  ,  Loss/l1: 0.08548  ,  IoU: 0.38339
[train: 1, 3100 / 3750] FPS: 49.6 (50.3)  ,  DataTime: 0.008 (0.005)  ,  ForwardTime: 0.309  ,  TotalTime: 0.322  ,  Loss/total: 1.73905  ,  Loss/giou: 0.65618  ,  Loss/l1: 0.08534  ,  IoU: 0.38402
[train: 1, 3150 / 3750] FPS: 49.6 (49.9)  ,  DataTime: 0.008 (0.005)  ,  ForwardTime: 0.309  ,  TotalTime: 0.322  ,  Loss/total: 1.73732  ,  Loss/giou: 0.65580  ,  Loss/l1: 0.08515  ,  IoU: 0.38490
[train: 1, 3200 / 3750] FPS: 49.6 (49.8)  ,  DataTime: 0.008 (0.005)  ,  ForwardTime: 0.309  ,  TotalTime: 0.322  ,  Loss/total: 1.73456  ,  Loss/giou: 0.65483  ,  Loss/l1: 0.08498  ,  IoU: 0.38548
[train: 1, 3250 / 3750] FPS: 49.6 (49.7)  ,  DataTime: 0.008 (0.005)  ,  ForwardTime: 0.309  ,  TotalTime: 0.322  ,  Loss/total: 1.73201  ,  Loss/giou: 0.65380  ,  Loss/l1: 0.08488  ,  IoU: 0.38584
[train: 1, 3300 / 3750] FPS: 49.6 (50.1)  ,  DataTime: 0.008 (0.005)  ,  ForwardTime: 0.309  ,  TotalTime: 0.322  ,  Loss/total: 1.73004  ,  Loss/giou: 0.65325  ,  Loss/l1: 0.08471  ,  IoU: 0.38661
[train: 1, 3350 / 3750] FPS: 49.6 (49.8)  ,  DataTime: 0.008 (0.005)  ,  ForwardTime: 0.309  ,  TotalTime: 0.322  ,  Loss/total: 1.72824  ,  Loss/giou: 0.65262  ,  Loss/l1: 0.08460  ,  IoU: 0.38720
[train: 1, 3400 / 3750] FPS: 49.6 (49.9)  ,  DataTime: 0.008 (0.005)  ,  ForwardTime: 0.309  ,  TotalTime: 0.322  ,  Loss/total: 1.72609  ,  Loss/giou: 0.65187  ,  Loss/l1: 0.08447  ,  IoU: 0.38773
[train: 1, 3450 / 3750] FPS: 49.6 (48.9)  ,  DataTime: 0.008 (0.005)  ,  ForwardTime: 0.309  ,  TotalTime: 0.322  ,  Loss/total: 1.72393  ,  Loss/giou: 0.65118  ,  Loss/l1: 0.08431  ,  IoU: 0.38834
[train: 1, 3500 / 3750] FPS: 49.6 (49.8)  ,  DataTime: 0.008 (0.005)  ,  ForwardTime: 0.309  ,  TotalTime: 0.322  ,  Loss/total: 1.72185  ,  Loss/giou: 0.65054  ,  Loss/l1: 0.08415  ,  IoU: 0.38919
[train: 1, 3550 / 3750] FPS: 49.7 (46.6)  ,  DataTime: 0.008 (0.005)  ,  ForwardTime: 0.309  ,  TotalTime: 0.322  ,  Loss/total: 1.71968  ,  Loss/giou: 0.64981  ,  Loss/l1: 0.08401  ,  IoU: 0.38936
[train: 1, 3600 / 3750] FPS: 49.7 (50.1)  ,  DataTime: 0.008 (0.005)  ,  ForwardTime: 0.309  ,  TotalTime: 0.322  ,  Loss/total: 1.71780  ,  Loss/giou: 0.64926  ,  Loss/l1: 0.08385  ,  IoU: 0.39039
[train: 1, 3650 / 3750] FPS: 49.7 (49.4)  ,  DataTime: 0.008 (0.005)  ,  ForwardTime: 0.309  ,  TotalTime: 0.322  ,  Loss/total: 1.71537  ,  Loss/giou: 0.64838  ,  Loss/l1: 0.08372  ,  IoU: 0.39087
[train: 1, 3700 / 3750] FPS: 49.7 (50.2)  ,  DataTime: 0.008 (0.005)  ,  ForwardTime: 0.309  ,  TotalTime: 0.322  ,  Loss/total: 1.71340  ,  Loss/giou: 0.64783  ,  Loss/l1: 0.08355  ,  IoU: 0.39189
[train: 1, 3750 / 3750] FPS: 49.7 (50.8)  ,  DataTime: 0.008 (0.005)  ,  ForwardTime: 0.309  ,  TotalTime: 0.322  ,  Loss/total: 1.71172  ,  Loss/giou: 0.64729  ,  Loss/l1: 0.08343  ,  IoU: 0.39233
[train: 2, 50 / 3750] FPS: 45.9 (49.6)  ,  DataTime: 0.033 (0.006)  ,  ForwardTime: 0.310  ,  TotalTime: 0.349  ,  Loss/total: 1.64076  ,  Loss/giou: 0.62855  ,  Loss/l1: 0.07673  ,  IoU: 0.44889
[train: 2, 100 / 3750] FPS: 47.8 (49.9)  ,  DataTime: 0.020 (0.005)  ,  ForwardTime: 0.309  ,  TotalTime: 0.335  ,  Loss/total: 1.58424  ,  Loss/giou: 0.60889  ,  Loss/l1: 0.07329  ,  IoU: 0.45593
[train: 2, 150 / 3750] FPS: 48.4 (49.4)  ,  DataTime: 0.016 (0.005)  ,  ForwardTime: 0.309  ,  TotalTime: 0.330  ,  Loss/total: 1.56697  ,  Loss/giou: 0.60415  ,  Loss/l1: 0.07174  ,  IoU: 0.46247
[train: 2, 200 / 3750] FPS: 48.8 (49.9)  ,  DataTime: 0.014 (0.005)  ,  ForwardTime: 0.309  ,  TotalTime: 0.328  ,  Loss/total: 1.57507  ,  Loss/giou: 0.60434  ,  Loss/l1: 0.07328  ,  IoU: 0.44889
[train: 2, 250 / 3750] FPS: 49.0 (49.8)  ,  DataTime: 0.013 (0.005)  ,  ForwardTime: 0.308  ,  TotalTime: 0.326  ,  Loss/total: 1.57178  ,  Loss/giou: 0.60358  ,  Loss/l1: 0.07292  ,  IoU: 0.45273
[train: 2, 300 / 3750] FPS: 49.2 (50.0)  ,  DataTime: 0.012 (0.005)  ,  ForwardTime: 0.308  ,  TotalTime: 0.326  ,  Loss/total: 1.56047  ,  Loss/giou: 0.59927  ,  Loss/l1: 0.07239  ,  IoU: 0.45151
[train: 2, 350 / 3750] FPS: 49.2 (49.9)  ,  DataTime: 0.011 (0.005)  ,  ForwardTime: 0.308  ,  TotalTime: 0.325  ,  Loss/total: 1.55189  ,  Loss/giou: 0.59700  ,  Loss/l1: 0.07158  ,  IoU: 0.45313
[train: 2, 400 / 3750] FPS: 49.3 (49.9)  ,  DataTime: 0.011 (0.005)  ,  ForwardTime: 0.308  ,  TotalTime: 0.324  ,  Loss/total: 1.55280  ,  Loss/giou: 0.59761  ,  Loss/l1: 0.07152  ,  IoU: 0.45573
[train: 2, 450 / 3750] FPS: 49.4 (49.9)  ,  DataTime: 0.010 (0.005)  ,  ForwardTime: 0.308  ,  TotalTime: 0.324  ,  Loss/total: 1.54347  ,  Loss/giou: 0.59428  ,  Loss/l1: 0.07098  ,  IoU: 0.45603
[train: 2, 500 / 3750] FPS: 49.4 (50.2)  ,  DataTime: 0.010 (0.005)  ,  ForwardTime: 0.308  ,  TotalTime: 0.324  ,  Loss/total: 1.55138  ,  Loss/giou: 0.59793  ,  Loss/l1: 0.07110  ,  IoU: 0.45501
[train: 2, 550 / 3750] FPS: 49.5 (50.1)  ,  DataTime: 0.010 (0.005)  ,  ForwardTime: 0.308  ,  TotalTime: 0.323  ,  Loss/total: 1.54745  ,  Loss/giou: 0.59721  ,  Loss/l1: 0.07061  ,  IoU: 0.45680
[train: 2, 600 / 3750] FPS: 49.5 (49.7)  ,  DataTime: 0.010 (0.005)  ,  ForwardTime: 0.308  ,  TotalTime: 0.323  ,  Loss/total: 1.55445  ,  Loss/giou: 0.59950  ,  Loss/l1: 0.07109  ,  IoU: 0.45501
[train: 2, 650 / 3750] FPS: 49.6 (50.6)  ,  DataTime: 0.010 (0.005)  ,  ForwardTime: 0.308  ,  TotalTime: 0.323  ,  Loss/total: 1.55687  ,  Loss/giou: 0.60100  ,  Loss/l1: 0.07098  ,  IoU: 0.45501
[train: 2, 700 / 3750] FPS: 49.6 (49.8)  ,  DataTime: 0.009 (0.005)  ,  ForwardTime: 0.308  ,  TotalTime: 0.323  ,  Loss/total: 1.55154  ,  Loss/giou: 0.59926  ,  Loss/l1: 0.07060  ,  IoU: 0.45492
[train: 2, 750 / 3750] FPS: 49.6 (49.4)  ,  DataTime: 0.009 (0.005)  ,  ForwardTime: 0.308  ,  TotalTime: 0.322  ,  Loss/total: 1.54917  ,  Loss/giou: 0.59887  ,  Loss/l1: 0.07029  ,  IoU: 0.45570
[train: 2, 800 / 3750] FPS: 49.6 (50.3)  ,  DataTime: 0.009 (0.005)  ,  ForwardTime: 0.308  ,  TotalTime: 0.322  ,  Loss/total: 1.54462  ,  Loss/giou: 0.59687  ,  Loss/l1: 0.07018  ,  IoU: 0.45586
[train: 2, 850 / 3750] FPS: 49.7 (50.0)  ,  DataTime: 0.009 (0.005)  ,  ForwardTime: 0.308  ,  TotalTime: 0.322  ,  Loss/total: 1.54323  ,  Loss/giou: 0.59669  ,  Loss/l1: 0.06997  ,  IoU: 0.45653
[train: 2, 900 / 3750] FPS: 49.7 (50.2)  ,  DataTime: 0.009 (0.005)  ,  ForwardTime: 0.308  ,  TotalTime: 0.322  ,  Loss/total: 1.53979  ,  Loss/giou: 0.59519  ,  Loss/l1: 0.06988  ,  IoU: 0.45716
[train: 2, 950 / 3750] FPS: 49.7 (50.0)  ,  DataTime: 0.009 (0.005)  ,  ForwardTime: 0.308  ,  TotalTime: 0.322  ,  Loss/total: 1.53633  ,  Loss/giou: 0.59392  ,  Loss/l1: 0.06970  ,  IoU: 0.45737
[train: 2, 1000 / 3750] FPS: 49.7 (49.8)  ,  DataTime: 0.009 (0.005)  ,  ForwardTime: 0.308  ,  TotalTime: 0.322  ,  Loss/total: 1.53458  ,  Loss/giou: 0.59270  ,  Loss/l1: 0.06983  ,  IoU: 0.45633
[train: 2, 1050 / 3750] FPS: 49.7 (50.5)  ,  DataTime: 0.009 (0.005)  ,  ForwardTime: 0.308  ,  TotalTime: 0.322  ,  Loss/total: 1.53409  ,  Loss/giou: 0.59225  ,  Loss/l1: 0.06992  ,  IoU: 0.45517
[train: 2, 1100 / 3750] FPS: 49.7 (50.3)  ,  DataTime: 0.009 (0.005)  ,  ForwardTime: 0.308  ,  TotalTime: 0.322  ,  Loss/total: 1.53257  ,  Loss/giou: 0.59213  ,  Loss/l1: 0.06966  ,  IoU: 0.45551
[train: 2, 1150 / 3750] FPS: 49.7 (50.1)  ,  DataTime: 0.009 (0.005)  ,  ForwardTime: 0.308  ,  TotalTime: 0.322  ,  Loss/total: 1.53069  ,  Loss/giou: 0.59181  ,  Loss/l1: 0.06941  ,  IoU: 0.45669
[train: 2, 1200 / 3750] FPS: 49.8 (49.9)  ,  DataTime: 0.009 (0.005)  ,  ForwardTime: 0.308  ,  TotalTime: 0.322  ,  Loss/total: 1.52660  ,  Loss/giou: 0.59032  ,  Loss/l1: 0.06919  ,  IoU: 0.45619
[train: 2, 1250 / 3750] FPS: 49.8 (50.0)  ,  DataTime: 0.009 (0.005)  ,  ForwardTime: 0.308  ,  TotalTime: 0.322  ,  Loss/total: 1.52382  ,  Loss/giou: 0.58940  ,  Loss/l1: 0.06900  ,  IoU: 0.45631
[train: 2, 1300 / 3750] FPS: 49.8 (49.5)  ,  DataTime: 0.008 (0.005)  ,  ForwardTime: 0.308  ,  TotalTime: 0.321  ,  Loss/total: 1.52347  ,  Loss/giou: 0.58930  ,  Loss/l1: 0.06897  ,  IoU: 0.45676
[train: 2, 1350 / 3750] FPS: 49.8 (50.2)  ,  DataTime: 0.008 (0.005)  ,  ForwardTime: 0.308  ,  TotalTime: 0.321  ,  Loss/total: 1.51775  ,  Loss/giou: 0.58690  ,  Loss/l1: 0.06879  ,  IoU: 0.45604
[train: 2, 1400 / 3750] FPS: 49.8 (49.8)  ,  DataTime: 0.008 (0.005)  ,  ForwardTime: 0.308  ,  TotalTime: 0.321  ,  Loss/total: 1.51722  ,  Loss/giou: 0.58682  ,  Loss/l1: 0.06872  ,  IoU: 0.45597
[train: 2, 1450 / 3750] FPS: 49.8 (49.8)  ,  DataTime: 0.008 (0.005)  ,  ForwardTime: 0.308  ,  TotalTime: 0.321  ,  Loss/total: 1.51371  ,  Loss/giou: 0.58571  ,  Loss/l1: 0.06846  ,  IoU: 0.45654
[train: 2, 1500 / 3750] FPS: 49.8 (49.9)  ,  DataTime: 0.008 (0.005)  ,  ForwardTime: 0.308  ,  TotalTime: 0.321  ,  Loss/total: 1.51322  ,  Loss/giou: 0.58573  ,  Loss/l1: 0.06835  ,  IoU: 0.45688
[train: 2, 1550 / 3750] FPS: 49.8 (49.8)  ,  DataTime: 0.008 (0.005)  ,  ForwardTime: 0.308  ,  TotalTime: 0.321  ,  Loss/total: 1.51144  ,  Loss/giou: 0.58518  ,  Loss/l1: 0.06822  ,  IoU: 0.45761
[train: 2, 1600 / 3750] FPS: 49.8 (49.7)  ,  DataTime: 0.008 (0.005)  ,  ForwardTime: 0.308  ,  TotalTime: 0.321  ,  Loss/total: 1.50901  ,  Loss/giou: 0.58456  ,  Loss/l1: 0.06798  ,  IoU: 0.45800
[train: 2, 1650 / 3750] FPS: 49.8 (49.6)  ,  DataTime: 0.008 (0.005)  ,  ForwardTime: 0.308  ,  TotalTime: 0.321  ,  Loss/total: 1.50589  ,  Loss/giou: 0.58355  ,  Loss/l1: 0.06776  ,  IoU: 0.45863
[train: 2, 1700 / 3750] FPS: 49.8 (50.0)  ,  DataTime: 0.008 (0.005)  ,  ForwardTime: 0.308  ,  TotalTime: 0.321  ,  Loss/total: 1.50437  ,  Loss/giou: 0.58328  ,  Loss/l1: 0.06756  ,  IoU: 0.45921
[train: 2, 1750 / 3750] FPS: 49.8 (49.9)  ,  DataTime: 0.008 (0.005)  ,  ForwardTime: 0.308  ,  TotalTime: 0.321  ,  Loss/total: 1.50141  ,  Loss/giou: 0.58245  ,  Loss/l1: 0.06730  ,  IoU: 0.46004
[train: 2, 1800 / 3750] FPS: 49.8 (48.9)  ,  DataTime: 0.008 (0.005)  ,  ForwardTime: 0.308  ,  TotalTime: 0.321  ,  Loss/total: 1.49861  ,  Loss/giou: 0.58160  ,  Loss/l1: 0.06708  ,  IoU: 0.46002
[train: 2, 1850 / 3750] FPS: 49.8 (49.8)  ,  DataTime: 0.008 (0.005)  ,  ForwardTime: 0.308  ,  TotalTime: 0.321  ,  Loss/total: 1.49539  ,  Loss/giou: 0.58066  ,  Loss/l1: 0.06681  ,  IoU: 0.46084
[train: 2, 1900 / 3750] FPS: 49.8 (49.8)  ,  DataTime: 0.008 (0.005)  ,  ForwardTime: 0.308  ,  TotalTime: 0.321  ,  Loss/total: 1.49412  ,  Loss/giou: 0.58030  ,  Loss/l1: 0.06670  ,  IoU: 0.46144
[train: 2, 1950 / 3750] FPS: 49.8 (49.7)  ,  DataTime: 0.008 (0.005)  ,  ForwardTime: 0.308  ,  TotalTime: 0.321  ,  Loss/total: 1.49292  ,  Loss/giou: 0.57993  ,  Loss/l1: 0.06661  ,  IoU: 0.46145
[train: 2, 2000 / 3750] FPS: 49.8 (50.0)  ,  DataTime: 0.008 (0.005)  ,  ForwardTime: 0.308  ,  TotalTime: 0.321  ,  Loss/total: 1.49049  ,  Loss/giou: 0.57914  ,  Loss/l1: 0.06644  ,  IoU: 0.46185
[train: 2, 2050 / 3750] FPS: 49.8 (50.0)  ,  DataTime: 0.008 (0.005)  ,  ForwardTime: 0.308  ,  TotalTime: 0.321  ,  Loss/total: 1.48698  ,  Loss/giou: 0.57788  ,  Loss/l1: 0.06625  ,  IoU: 0.46238
[train: 2, 2100 / 3750] FPS: 49.8 (50.2)  ,  DataTime: 0.008 (0.005)  ,  ForwardTime: 0.308  ,  TotalTime: 0.321  ,  Loss/total: 1.48541  ,  Loss/giou: 0.57739  ,  Loss/l1: 0.06613  ,  IoU: 0.46258
[train: 2, 2150 / 3750] FPS: 49.8 (50.0)  ,  DataTime: 0.008 (0.005)  ,  ForwardTime: 0.308  ,  TotalTime: 0.321  ,  Loss/total: 1.48310  ,  Loss/giou: 0.57686  ,  Loss/l1: 0.06587  ,  IoU: 0.46367
[train: 2, 2200 / 3750] FPS: 49.8 (50.1)  ,  DataTime: 0.008 (0.005)  ,  ForwardTime: 0.308  ,  TotalTime: 0.321  ,  Loss/total: 1.47942  ,  Loss/giou: 0.57561  ,  Loss/l1: 0.06564  ,  IoU: 0.46404
[train: 2, 2250 / 3750] FPS: 49.8 (49.9)  ,  DataTime: 0.008 (0.005)  ,  ForwardTime: 0.308  ,  TotalTime: 0.321  ,  Loss/total: 1.47563  ,  Loss/giou: 0.57429  ,  Loss/l1: 0.06541  ,  IoU: 0.46500
[train: 2, 2300 / 3750] FPS: 49.8 (49.7)  ,  DataTime: 0.008 (0.005)  ,  ForwardTime: 0.308  ,  TotalTime: 0.321  ,  Loss/total: 1.47361  ,  Loss/giou: 0.57375  ,  Loss/l1: 0.06522  ,  IoU: 0.46573
[train: 2, 2350 / 3750] FPS: 49.8 (49.7)  ,  DataTime: 0.008 (0.005)  ,  ForwardTime: 0.308  ,  TotalTime: 0.321  ,  Loss/total: 1.47251  ,  Loss/giou: 0.57332  ,  Loss/l1: 0.06517  ,  IoU: 0.46563
[train: 2, 2400 / 3750] FPS: 49.8 (50.0)  ,  DataTime: 0.008 (0.005)  ,  ForwardTime: 0.308  ,  TotalTime: 0.321  ,  Loss/total: 1.47105  ,  Loss/giou: 0.57279  ,  Loss/l1: 0.06510  ,  IoU: 0.46591
[train: 2, 2450 / 3750] FPS: 49.8 (50.3)  ,  DataTime: 0.008 (0.005)  ,  ForwardTime: 0.308  ,  TotalTime: 0.321  ,  Loss/total: 1.46677  ,  Loss/giou: 0.57115  ,  Loss/l1: 0.06489  ,  IoU: 0.46634
[train: 2, 2500 / 3750] FPS: 49.8 (50.1)  ,  DataTime: 0.008 (0.005)  ,  ForwardTime: 0.308  ,  TotalTime: 0.321  ,  Loss/total: 1.46586  ,  Loss/giou: 0.57110  ,  Loss/l1: 0.06473  ,  IoU: 0.46705
[train: 2, 2550 / 3750] FPS: 49.8 (49.8)  ,  DataTime: 0.008 (0.005)  ,  ForwardTime: 0.308  ,  TotalTime: 0.321  ,  Loss/total: 1.46361  ,  Loss/giou: 0.57023  ,  Loss/l1: 0.06463  ,  IoU: 0.46688
[train: 2, 2600 / 3750] FPS: 49.8 (49.7)  ,  DataTime: 0.008 (0.005)  ,  ForwardTime: 0.308  ,  TotalTime: 0.321  ,  Loss/total: 1.46153  ,  Loss/giou: 0.56959  ,  Loss/l1: 0.06447  ,  IoU: 0.46728
[train: 2, 2650 / 3750] FPS: 49.8 (50.0)  ,  DataTime: 0.008 (0.005)  ,  ForwardTime: 0.308  ,  TotalTime: 0.321  ,  Loss/total: 1.46034  ,  Loss/giou: 0.56932  ,  Loss/l1: 0.06434  ,  IoU: 0.46820
[train: 2, 2700 / 3750] FPS: 49.8 (49.5)  ,  DataTime: 0.008 (0.005)  ,  ForwardTime: 0.308  ,  TotalTime: 0.321  ,  Loss/total: 1.45754  ,  Loss/giou: 0.56811  ,  Loss/l1: 0.06427  ,  IoU: 0.46806
[train: 2, 2750 / 3750] FPS: 49.8 (51.0)  ,  DataTime: 0.008 (0.005)  ,  ForwardTime: 0.308  ,  TotalTime: 0.321  ,  Loss/total: 1.45574  ,  Loss/giou: 0.56737  ,  Loss/l1: 0.06420  ,  IoU: 0.46818
[train: 2, 2800 / 3750] FPS: 49.8 (50.0)  ,  DataTime: 0.008 (0.005)  ,  ForwardTime: 0.308  ,  TotalTime: 0.321  ,  Loss/total: 1.45299  ,  Loss/giou: 0.56648  ,  Loss/l1: 0.06400  ,  IoU: 0.46893
[train: 2, 2850 / 3750] FPS: 49.8 (50.7)  ,  DataTime: 0.008 (0.005)  ,  ForwardTime: 0.308  ,  TotalTime: 0.321  ,  Loss/total: 1.45003  ,  Loss/giou: 0.56565  ,  Loss/l1: 0.06375  ,  IoU: 0.47011
[train: 2, 2900 / 3750] FPS: 49.9 (50.2)  ,  DataTime: 0.008 (0.005)  ,  ForwardTime: 0.308  ,  TotalTime: 0.321  ,  Loss/total: 1.44874  ,  Loss/giou: 0.56515  ,  Loss/l1: 0.06369  ,  IoU: 0.47013
[train: 2, 2950 / 3750] FPS: 49.9 (47.0)  ,  DataTime: 0.008 (0.005)  ,  ForwardTime: 0.308  ,  TotalTime: 0.321  ,  Loss/total: 1.44667  ,  Loss/giou: 0.56445  ,  Loss/l1: 0.06356  ,  IoU: 0.47055
[train: 2, 3000 / 3750] FPS: 49.8 (51.0)  ,  DataTime: 0.008 (0.005)  ,  ForwardTime: 0.308  ,  TotalTime: 0.321  ,  Loss/total: 1.44561  ,  Loss/giou: 0.56425  ,  Loss/l1: 0.06342  ,  IoU: 0.47133
[train: 2, 3050 / 3750] FPS: 49.8 (47.2)  ,  DataTime: 0.008 (0.005)  ,  ForwardTime: 0.308  ,  TotalTime: 0.321  ,  Loss/total: 1.44367  ,  Loss/giou: 0.56353  ,  Loss/l1: 0.06332  ,  IoU: 0.47217
[train: 2, 3100 / 3750] FPS: 49.8 (49.5)  ,  DataTime: 0.008 (0.005)  ,  ForwardTime: 0.308  ,  TotalTime: 0.321  ,  Loss/total: 1.44306  ,  Loss/giou: 0.56336  ,  Loss/l1: 0.06327  ,  IoU: 0.47253
[train: 2, 3150 / 3750] FPS: 49.8 (49.8)  ,  DataTime: 0.008 (0.005)  ,  ForwardTime: 0.308  ,  TotalTime: 0.321  ,  Loss/total: 1.44164  ,  Loss/giou: 0.56300  ,  Loss/l1: 0.06313  ,  IoU: 0.47333
[train: 2, 3200 / 3750] FPS: 49.8 (48.0)  ,  DataTime: 0.008 (0.005)  ,  ForwardTime: 0.308  ,  TotalTime: 0.321  ,  Loss/total: 1.43920  ,  Loss/giou: 0.56218  ,  Loss/l1: 0.06297  ,  IoU: 0.47363
[train: 2, 3250 / 3750] FPS: 49.8 (49.8)  ,  DataTime: 0.008 (0.005)  ,  ForwardTime: 0.308  ,  TotalTime: 0.321  ,  Loss/total: 1.43653  ,  Loss/giou: 0.56113  ,  Loss/l1: 0.06285  ,  IoU: 0.47388
[train: 2, 3300 / 3750] FPS: 49.8 (49.8)  ,  DataTime: 0.008 (0.005)  ,  ForwardTime: 0.308  ,  TotalTime: 0.321  ,  Loss/total: 1.43426  ,  Loss/giou: 0.56037  ,  Loss/l1: 0.06271  ,  IoU: 0.47407
[train: 2, 3350 / 3750] FPS: 49.8 (50.4)  ,  DataTime: 0.008 (0.005)  ,  ForwardTime: 0.308  ,  TotalTime: 0.321  ,  Loss/total: 1.43205  ,  Loss/giou: 0.55968  ,  Loss/l1: 0.06254  ,  IoU: 0.47450
[train: 2, 3400 / 3750] FPS: 49.8 (49.7)  ,  DataTime: 0.008 (0.005)  ,  ForwardTime: 0.308  ,  TotalTime: 0.321  ,  Loss/total: 1.43027  ,  Loss/giou: 0.55912  ,  Loss/l1: 0.06241  ,  IoU: 0.47519
[train: 2, 3450 / 3750] FPS: 49.8 (50.4)  ,  DataTime: 0.008 (0.005)  ,  ForwardTime: 0.308  ,  TotalTime: 0.321  ,  Loss/total: 1.42881  ,  Loss/giou: 0.55871  ,  Loss/l1: 0.06228  ,  IoU: 0.47576
[train: 2, 3500 / 3750] FPS: 49.8 (49.4)  ,  DataTime: 0.008 (0.005)  ,  ForwardTime: 0.308  ,  TotalTime: 0.321  ,  Loss/total: 1.42675  ,  Loss/giou: 0.55812  ,  Loss/l1: 0.06210  ,  IoU: 0.47637
[train: 2, 3550 / 3750] FPS: 49.8 (49.9)  ,  DataTime: 0.008 (0.005)  ,  ForwardTime: 0.308  ,  TotalTime: 0.321  ,  Loss/total: 1.42393  ,  Loss/giou: 0.55695  ,  Loss/l1: 0.06201  ,  IoU: 0.47593
[train: 2, 3600 / 3750] FPS: 49.8 (50.0)  ,  DataTime: 0.008 (0.005)  ,  ForwardTime: 0.308  ,  TotalTime: 0.321  ,  Loss/total: 1.42178  ,  Loss/giou: 0.55630  ,  Loss/l1: 0.06184  ,  IoU: 0.47664
[train: 2, 3650 / 3750] FPS: 49.8 (50.0)  ,  DataTime: 0.008 (0.005)  ,  ForwardTime: 0.308  ,  TotalTime: 0.321  ,  Loss/total: 1.42057  ,  Loss/giou: 0.55597  ,  Loss/l1: 0.06172  ,  IoU: 0.47731
[train: 2, 3700 / 3750] FPS: 49.8 (50.0)  ,  DataTime: 0.008 (0.005)  ,  ForwardTime: 0.308  ,  TotalTime: 0.321  ,  Loss/total: 1.41903  ,  Loss/giou: 0.55549  ,  Loss/l1: 0.06161  ,  IoU: 0.47790
[train: 2, 3750 / 3750] FPS: 49.8 (50.6)  ,  DataTime: 0.008 (0.005)  ,  ForwardTime: 0.308  ,  TotalTime: 0.321  ,  Loss/total: 1.41826  ,  Loss/giou: 0.55534  ,  Loss/l1: 0.06152  ,  IoU: 0.47824
[train: 3, 50 / 3750] FPS: 43.9 (51.0)  ,  DataTime: 0.052 (0.005)  ,  ForwardTime: 0.307  ,  TotalTime: 0.364  ,  Loss/total: 1.30799  ,  Loss/giou: 0.52405  ,  Loss/l1: 0.05198  ,  IoU: 0.51917
[train: 3, 100 / 3750] FPS: 46.8 (50.6)  ,  DataTime: 0.030 (0.005)  ,  ForwardTime: 0.307  ,  TotalTime: 0.342  ,  Loss/total: 1.29537  ,  Loss/giou: 0.51775  ,  Loss/l1: 0.05197  ,  IoU: 0.52266
[train: 3, 150 / 3750] FPS: 47.8 (50.6)  ,  DataTime: 0.022 (0.005)  ,  ForwardTime: 0.307  ,  TotalTime: 0.335  ,  Loss/total: 1.24254  ,  Loss/giou: 0.49382  ,  Loss/l1: 0.05098  ,  IoU: 0.50276
[train: 3, 200 / 3750] FPS: 48.3 (49.9)  ,  DataTime: 0.019 (0.005)  ,  ForwardTime: 0.307  ,  TotalTime: 0.331  ,  Loss/total: 1.26744  ,  Loss/giou: 0.50504  ,  Loss/l1: 0.05147  ,  IoU: 0.50844
[train: 3, 250 / 3750] FPS: 48.6 (48.6)  ,  DataTime: 0.017 (0.005)  ,  ForwardTime: 0.307  ,  TotalTime: 0.329  ,  Loss/total: 1.26779  ,  Loss/giou: 0.50683  ,  Loss/l1: 0.05083  ,  IoU: 0.51136
[train: 3, 300 / 3750] FPS: 48.8 (50.2)  ,  DataTime: 0.015 (0.005)  ,  ForwardTime: 0.307  ,  TotalTime: 0.328  ,  Loss/total: 1.26633  ,  Loss/giou: 0.50724  ,  Loss/l1: 0.05037  ,  IoU: 0.51459
[train: 3, 350 / 3750] FPS: 49.0 (50.5)  ,  DataTime: 0.014 (0.005)  ,  ForwardTime: 0.307  ,  TotalTime: 0.326  ,  Loss/total: 1.27086  ,  Loss/giou: 0.50923  ,  Loss/l1: 0.05048  ,  IoU: 0.51548
[train: 3, 400 / 3750] FPS: 49.2 (50.1)  ,  DataTime: 0.013 (0.005)  ,  ForwardTime: 0.307  ,  TotalTime: 0.326  ,  Loss/total: 1.26789  ,  Loss/giou: 0.50690  ,  Loss/l1: 0.05082  ,  IoU: 0.51392
[train: 3, 450 / 3750] FPS: 49.3 (50.1)  ,  DataTime: 0.013 (0.005)  ,  ForwardTime: 0.307  ,  TotalTime: 0.325  ,  Loss/total: 1.26921  ,  Loss/giou: 0.50730  ,  Loss/l1: 0.05092  ,  IoU: 0.51557
[train: 3, 500 / 3750] FPS: 49.3 (47.3)  ,  DataTime: 0.012 (0.005)  ,  ForwardTime: 0.307  ,  TotalTime: 0.324  ,  Loss/total: 1.26371  ,  Loss/giou: 0.50487  ,  Loss/l1: 0.05079  ,  IoU: 0.51516
[train: 3, 550 / 3750] FPS: 49.4 (50.0)  ,  DataTime: 0.012 (0.005)  ,  ForwardTime: 0.307  ,  TotalTime: 0.324  ,  Loss/total: 1.26544  ,  Loss/giou: 0.50579  ,  Loss/l1: 0.05077  ,  IoU: 0.51735
[train: 3, 600 / 3750] FPS: 49.4 (49.2)  ,  DataTime: 0.011 (0.005)  ,  ForwardTime: 0.307  ,  TotalTime: 0.324  ,  Loss/total: 1.26039  ,  Loss/giou: 0.50361  ,  Loss/l1: 0.05063  ,  IoU: 0.51725
[train: 3, 650 / 3750] FPS: 49.4 (49.8)  ,  DataTime: 0.011 (0.005)  ,  ForwardTime: 0.308  ,  TotalTime: 0.324  ,  Loss/total: 1.24988  ,  Loss/giou: 0.49892  ,  Loss/l1: 0.05041  ,  IoU: 0.51607
[train: 3, 700 / 3750] FPS: 49.4 (49.8)  ,  DataTime: 0.011 (0.005)  ,  ForwardTime: 0.308  ,  TotalTime: 0.324  ,  Loss/total: 1.24248  ,  Loss/giou: 0.49601  ,  Loss/l1: 0.05009  ,  IoU: 0.51730
[train: 3, 750 / 3750] FPS: 49.4 (50.3)  ,  DataTime: 0.011 (0.005)  ,  ForwardTime: 0.308  ,  TotalTime: 0.324  ,  Loss/total: 1.24622  ,  Loss/giou: 0.49782  ,  Loss/l1: 0.05011  ,  IoU: 0.51862
[train: 3, 800 / 3750] FPS: 49.5 (50.5)  ,  DataTime: 0.010 (0.005)  ,  ForwardTime: 0.308  ,  TotalTime: 0.323  ,  Loss/total: 1.24350  ,  Loss/giou: 0.49712  ,  Loss/l1: 0.04985  ,  IoU: 0.51919
[train: 3, 850 / 3750] FPS: 49.5 (49.9)  ,  DataTime: 0.010 (0.005)  ,  ForwardTime: 0.308  ,  TotalTime: 0.323  ,  Loss/total: 1.24232  ,  Loss/giou: 0.49680  ,  Loss/l1: 0.04975  ,  IoU: 0.51953
[train: 3, 900 / 3750] FPS: 49.5 (50.0)  ,  DataTime: 0.010 (0.005)  ,  ForwardTime: 0.308  ,  TotalTime: 0.323  ,  Loss/total: 1.23596  ,  Loss/giou: 0.49454  ,  Loss/l1: 0.04938  ,  IoU: 0.52103
[train: 3, 950 / 3750] FPS: 49.5 (50.0)  ,  DataTime: 0.010 (0.005)  ,  ForwardTime: 0.308  ,  TotalTime: 0.323  ,  Loss/total: 1.23366  ,  Loss/giou: 0.49401  ,  Loss/l1: 0.04913  ,  IoU: 0.52352
[train: 3, 1000 / 3750] FPS: 49.5 (49.6)  ,  DataTime: 0.010 (0.005)  ,  ForwardTime: 0.308  ,  TotalTime: 0.323  ,  Loss/total: 1.23422  ,  Loss/giou: 0.49430  ,  Loss/l1: 0.04912  ,  IoU: 0.52333
[train: 3, 1050 / 3750] FPS: 49.6 (50.2)  ,  DataTime: 0.010 (0.005)  ,  ForwardTime: 0.308  ,  TotalTime: 0.323  ,  Loss/total: 1.23344  ,  Loss/giou: 0.49435  ,  Loss/l1: 0.04895  ,  IoU: 0.52511
[train: 3, 1100 / 3750] FPS: 49.6 (50.1)  ,  DataTime: 0.010 (0.005)  ,  ForwardTime: 0.308  ,  TotalTime: 0.323  ,  Loss/total: 1.23360  ,  Loss/giou: 0.49455  ,  Loss/l1: 0.04890  ,  IoU: 0.52553
[train: 3, 1150 / 3750] FPS: 49.6 (49.4)  ,  DataTime: 0.009 (0.005)  ,  ForwardTime: 0.308  ,  TotalTime: 0.323  ,  Loss/total: 1.23147  ,  Loss/giou: 0.49404  ,  Loss/l1: 0.04868  ,  IoU: 0.52647
[train: 3, 1200 / 3750] FPS: 49.6 (50.3)  ,  DataTime: 0.009 (0.005)  ,  ForwardTime: 0.308  ,  TotalTime: 0.323  ,  Loss/total: 1.22723  ,  Loss/giou: 0.49230  ,  Loss/l1: 0.04853  ,  IoU: 0.52673
[train: 3, 1250 / 3750] FPS: 49.6 (45.8)  ,  DataTime: 0.009 (0.005)  ,  ForwardTime: 0.308  ,  TotalTime: 0.323  ,  Loss/total: 1.22344  ,  Loss/giou: 0.49121  ,  Loss/l1: 0.04821  ,  IoU: 0.52807
[train: 3, 1300 / 3750] FPS: 49.6 (50.7)  ,  DataTime: 0.009 (0.005)  ,  ForwardTime: 0.308  ,  TotalTime: 0.323  ,  Loss/total: 1.22308  ,  Loss/giou: 0.49129  ,  Loss/l1: 0.04810  ,  IoU: 0.52880
[train: 3, 1350 / 3750] FPS: 49.5 (50.2)  ,  DataTime: 0.009 (0.005)  ,  ForwardTime: 0.308  ,  TotalTime: 0.323  ,  Loss/total: 1.21901  ,  Loss/giou: 0.48975  ,  Loss/l1: 0.04790  ,  IoU: 0.52908
[train: 3, 1400 / 3750] FPS: 49.5 (48.8)  ,  DataTime: 0.009 (0.005)  ,  ForwardTime: 0.308  ,  TotalTime: 0.323  ,  Loss/total: 1.21747  ,  Loss/giou: 0.48915  ,  Loss/l1: 0.04783  ,  IoU: 0.52944
[train: 3, 1450 / 3750] FPS: 49.5 (46.9)  ,  DataTime: 0.009 (0.005)  ,  ForwardTime: 0.308  ,  TotalTime: 0.323  ,  Loss/total: 1.21670  ,  Loss/giou: 0.48879  ,  Loss/l1: 0.04782  ,  IoU: 0.52900
[train: 3, 1500 / 3750] FPS: 49.5 (50.1)  ,  DataTime: 0.009 (0.005)  ,  ForwardTime: 0.309  ,  TotalTime: 0.323  ,  Loss/total: 1.21753  ,  Loss/giou: 0.48886  ,  Loss/l1: 0.04796  ,  IoU: 0.52909
